This file contains any messages produced by compilers while
running configure, to aid debugging if configure makes a mistake.

It was created by LibDsk configure 1.5.8, which was
generated by GNU Autoconf 2.69.  Invocation command line was

  $ ./configure 

## --------- ##
## Platform. ##
## --------- ##

hostname = crazy-PC
uname -m = i686
uname -r = 1.0.18(0.48/3/2)
uname -s = MINGW32_NT-6.2
uname -v = 2012-11-21 22:34

/usr/bin/uname -p = unknown
/bin/uname -X     = unknown

/bin/arch              = unknown
/usr/bin/arch -k       = unknown
/usr/convex/getsysinfo = unknown
/usr/bin/hostinfo      = unknown
/bin/machine           = unknown
/usr/bin/oslevel       = unknown
/bin/universe          = unknown

PATH: .
PATH: /usr/local/bin
PATH: /mingw/bin
PATH: /bin
PATH: /c/Windows/system32
PATH: /c/Windows
PATH: /c/Windows/System32/Wbem
PATH: /c/Windows/System32/WindowsPowerShell/v1.0/
PATH: /d/usr/bin/shellutils
PATH: /d/usr/bin/system_tools
PATH: /c/adb
PATH: /c/WINDOWS/system32
PATH: /c/WINDOWS
PATH: /c/WINDOWS/System32/Wbem
PATH: /c/WINDOWS/System32/WindowsPowerShell/v1.0/
PATH: /c/Program Files (x86)/Smart Projects/IsoBuster
PATH: /c/Program Files/TortoiseGit/bin
PATH: /d/usr/bin/shellutils
PATH: /d/usr/bin/system_tools
PATH: %USERPROFILE%/AppData/Local/Microsoft/WindowsApps
PATH: .
PATH: /c/pspdev/bin
PATH: /d/usr/bin/perl/bin
PATH: /mingw/Qt/bin


## ----------- ##
## Core tests. ##
## ----------- ##

configure:2339: checking build system type
configure:2353: result: i686-pc-mingw32
configure:2373: checking host system type
configure:2386: result: i686-pc-mingw32
configure:2406: checking target system type
configure:2419: result: i686-pc-mingw32
configure:2492: checking how to print strings
configure:2519: result: printf
configure:2591: checking for gcc
configure:2607: found /mingw/bin/gcc
configure:2618: result: gcc
configure:2847: checking for C compiler version
configure:2856: gcc --version >&5
gcc.exe (x86_64-win32-seh, Built by MinGW-W64 project) 6.1.0
Copyright (C) 2016 Free Software Foundation, Inc.
This is free software; see the source for copying conditions.  There is NO
warranty; not even for MERCHANTABILITY or FITNESS FOR A PARTICULAR PURPOSE.

configure:2867: $? = 0
configure:2856: gcc -v >&5
Using built-in specs.
COLLECT_GCC=d:\usr\bin\gcc\bin\gcc.exe
COLLECT_LTO_WRAPPER=d:/usr/bin/gcc/bin/../libexec/gcc/x86_64-w64-mingw32/6.1.0/lto-wrapper.exe
Target: x86_64-w64-mingw32
Configured with: ../../../src/gcc-6.1.0/configure --host=x86_64-w64-mingw32 --build=x86_64-w64-mingw32 --target=x86_64-w64-mingw32 --prefix=/mingw64 --with-sysroot=/c/mingw610/x86_64-610-win32-seh-rt_v5/mingw64 --enable-shared --enable-static --disable-multilib --enable-languages=c,c++,fortran,lto --enable-libstdcxx-time=yes --enable-threads=win32 --enable-libgomp --enable-libatomic --enable-lto --enable-graphite --enable-checking=release --enable-fully-dynamic-string --enable-version-specific-runtime-libs --enable-libstdcxx-filesystem-ts=yes --disable-isl-version-check --disable-libstdcxx-pch --disable-libstdcxx-debug --enable-bootstrap --disable-rpath --disable-win32-registry --disable-nls --disable-werror --disable-symvers --with-gnu-as --with-gnu-ld --with-arch=nocona --with-tune=core2 --with-libiconv --with-system-zlib --with-gmp=/c/mingw610/prerequisites/x86_64-w64-mingw32-static --with-mpfr=/c/mingw610/prerequisites/x86_64-w64-mingw32-static --with-mpc=/c/mingw610/prerequisites/x86_64-w64-mingw32-static --with-isl=/c/mingw610/prerequisites/x86_64-w64-mingw32-static --with-pkgversion='x86_64-win32-seh, Built by MinGW-W64 project' --with-bugurl=http://sourceforge.net/projects/mingw-w64 CFLAGS='-O2 -pipe -I/c/mingw610/x86_64-610-win32-seh-rt_v5/mingw64/opt/include -I/c/mingw610/prerequisites/x86_64-zlib-static/include -I/c/mingw610/prerequisites/x86_64-w64-mingw32-static/include' CXXFLAGS='-O2 -pipe -I/c/mingw610/x86_64-610-win32-seh-rt_v5/mingw64/opt/include -I/c/mingw610/prerequisites/x86_64-zlib-static/include -I/c/mingw610/prerequisites/x86_64-w64-mingw32-static/include' CPPFLAGS= LDFLAGS='-pipe -L/c/mingw610/x86_64-610-win32-seh-rt_v5/mingw64/opt/lib -L/c/mingw610/prerequisites/x86_64-zlib-static/lib -L/c/mingw610/prerequisites/x86_64-w64-mingw32-static/lib '
Thread model: win32
gcc version 6.1.0 (x86_64-win32-seh, Built by MinGW-W64 project) 
configure:2867: $? = 0
configure:2856: gcc -V >&5
gcc.exe: error: unrecognized command line option '-V'
gcc.exe: fatal error: no input files
compilation terminated.
configure:2867: $? = 1
configure:2856: gcc -qversion >&5
gcc.exe: error: unrecognized command line option '-qversion'; did you mean '--version'?
gcc.exe: fatal error: no input files
compilation terminated.
configure:2867: $? = 1
configure:2887: checking whether the C compiler works
configure:2909: gcc    conftest.c  >&5
configure:2913: $? = 0
configure:2961: result: yes
configure:2964: checking for C compiler default output file name
configure:2966: result: a.exe
configure:2972: checking for suffix of executables
configure:2979: gcc -o conftest.exe    conftest.c  >&5
configure:2983: $? = 0
configure:3005: result: .exe
configure:3027: checking whether we are cross compiling
configure:3035: gcc -o conftest.exe    conftest.c  >&5
configure:3039: $? = 0
configure:3046: ./conftest.exe
configure:3050: $? = 0
configure:3065: result: no
configure:3070: checking for suffix of object files
configure:3092: gcc -c   conftest.c >&5
configure:3096: $? = 0
configure:3117: result: o
configure:3121: checking whether we are using the GNU C compiler
configure:3140: gcc -c   conftest.c >&5
configure:3140: $? = 0
configure:3149: result: yes
configure:3158: checking whether gcc accepts -g
configure:3178: gcc -c -g  conftest.c >&5
configure:3178: $? = 0
configure:3219: result: yes
configure:3236: checking for gcc option to accept ISO C89
configure:3299: gcc  -c -g -O2  conftest.c >&5
configure:3299: $? = 0
configure:3312: result: none needed
configure:3337: checking whether gcc understands -c and -o together
configure:3359: gcc -c conftest.c -o conftest2.o
configure:3362: $? = 0
configure:3359: gcc -c conftest.c -o conftest2.o
configure:3362: $? = 0
configure:3374: result: yes
configure:3391: checking for a sed that does not truncate output
configure:3455: result: /bin/sed
configure:3473: checking for grep that handles long lines and -e
configure:3531: result: /d/usr/bin/shellutils/grep
configure:3536: checking for egrep
configure:3598: result: /d/usr/bin/shellutils/grep -E
configure:3603: checking for fgrep
configure:3665: result: /d/usr/bin/shellutils/grep -F
configure:3700: checking for ld used by gcc
configure:3767: result: d:/usr/bin/gcc/bin/../lib/gcc/x86_64-w64-mingw32/6.1.0/../../../../x86_64-w64-mingw32/bin/ld.exe
configure:3774: checking if the linker (d:/usr/bin/gcc/bin/../lib/gcc/x86_64-w64-mingw32/6.1.0/../../../../x86_64-w64-mingw32/bin/ld.exe) is GNU ld
configure:3789: result: yes
configure:3801: checking for BSD- or MS-compatible name lister (nm)
configure:3855: result: /mingw/bin/nm -B
configure:3985: checking the name lister (/mingw/bin/nm -B) interface
configure:3992: gcc -c -g -O2  conftest.c >&5
configure:3995: /mingw/bin/nm -B "conftest.o"
configure:3998: output
0000000000000000 b .bss
0000000000000000 d .data
0000000000000000 N .debug_abbrev
0000000000000000 N .debug_aranges
0000000000000000 N .debug_info
0000000000000000 N .debug_line
0000000000000000 r .rdata$zzz
0000000000000000 t .text
0000000000000000 B some_variable
configure:4005: result: BSD nm
configure:4008: checking whether ln -s works
configure:4015: result: no, using cp -pR
configure:4020: checking the maximum length of command line arguments
configure:4151: result: 8192
configure:4199: checking how to convert i686-pc-mingw32 file names to i686-pc-mingw32 format
configure:4239: result: func_convert_file_msys_to_w32
configure:4246: checking how to convert i686-pc-mingw32 file names to toolchain format
configure:4266: result: func_convert_file_msys_to_w32
configure:4273: checking for d:/usr/bin/gcc/bin/../lib/gcc/x86_64-w64-mingw32/6.1.0/../../../../x86_64-w64-mingw32/bin/ld.exe option to reload object files
configure:4280: result: -r
configure:4354: checking for objdump
configure:4370: found /mingw/bin/objdump
configure:4381: result: objdump
configure:4413: checking how to recognize dependent libraries
configure:4613: result: file_magic file format (pei*-i386(.*architecture: i386)?|pe-arm-wince|pe-x86-64)
configure:4698: checking for dlltool
configure:4714: found /mingw/bin/dlltool
configure:4725: result: dlltool
configure:4758: checking how to associate runtime and link libraries
configure:4785: result: func_cygming_dll_for_implib
configure:4846: checking for ar
configure:4862: found /mingw/bin/ar
configure:4873: result: ar
configure:4910: checking for archiver @FILE support
configure:4927: gcc -c -g -O2  conftest.c >&5
configure:4927: $? = 0
configure:4930: ar cru libconftest.a @conftest.lst >&5
configure:4933: $? = 0
configure:4938: ar cru libconftest.a @conftest.lst >&5
d:\usr\bin\gcc\bin\ar.exe: conftest.o: No such file or directory
configure:4941: $? = 1
configure:4953: result: @
configure:5011: checking for strip
configure:5027: found /mingw/bin/strip
configure:5038: result: strip
configure:5110: checking for ranlib
configure:5126: found /mingw/bin/ranlib
configure:5137: result: ranlib
configure:5214: checking for gawk
configure:5244: result: no
configure:5214: checking for mawk
configure:5244: result: no
configure:5214: checking for nawk
configure:5244: result: no
configure:5214: checking for awk
configure:5230: found /d/usr/bin/shellutils/awk
configure:5241: result: awk
configure:5281: checking command to parse /mingw/bin/nm -B output from gcc object
configure:5434: gcc -c -g -O2  conftest.c >&5
configure:5437: $? = 0
configure:5441: /mingw/bin/nm -B conftest.o \| sed -n -e 's/^.*[ ]\([ABCDGIRSTW][ABCDGIRSTW]*\)[ ][ ]*\([_A-Za-z][_A-Za-z0-9]*\)\{0,1\}$/\1 \2 \2/p' | sed '/ __gnu_lto/d' \> conftest.nm
configure:5444: $? = 0
configure:5510: gcc -o conftest.exe -g -O2   conftest.c conftstm.o >&5
configure:5513: $? = 0
configure:5551: result: ok
configure:5598: checking for sysroot
configure:5628: result: no
configure:5635: checking for a working dd
configure:5673: result: /d/usr/bin/shellutils/dd
configure:5677: checking how to truncate binary pipes
configure:5692: result: /d/usr/bin/shellutils/dd bs=4096 count=1
configure:6021: checking for mt
configure:6051: result: no
configure:6071: checking if : is a manifest tool
configure:6077: : '-?'
configure:6085: result: no
configure:6762: checking how to run the C preprocessor
configure:6793: gcc -E  conftest.c
configure:6793: $? = 0
configure:6807: gcc -E  conftest.c
conftest.c:9:28: fatal error: ac_nonexistent.h: No such file or directory
 #include <ac_nonexistent.h>
                            ^
compilation terminated.
configure:6807: $? = 1
configure: failed program was:
| /* confdefs.h */
| #define PACKAGE_NAME "LibDsk"
| #define PACKAGE_TARNAME "libdsk"
| #define PACKAGE_VERSION "1.5.8"
| #define PACKAGE_STRING "LibDsk 1.5.8"
| #define PACKAGE_BUGREPORT ""
| #define PACKAGE_URL ""
| /* end confdefs.h.  */
| #include <ac_nonexistent.h>
configure:6832: result: gcc -E
configure:6852: gcc -E  conftest.c
configure:6852: $? = 0
configure:6866: gcc -E  conftest.c
conftest.c:9:28: fatal error: ac_nonexistent.h: No such file or directory
 #include <ac_nonexistent.h>
                            ^
compilation terminated.
configure:6866: $? = 1
configure: failed program was:
| /* confdefs.h */
| #define PACKAGE_NAME "LibDsk"
| #define PACKAGE_TARNAME "libdsk"
| #define PACKAGE_VERSION "1.5.8"
| #define PACKAGE_STRING "LibDsk 1.5.8"
| #define PACKAGE_BUGREPORT ""
| #define PACKAGE_URL ""
| /* end confdefs.h.  */
| #include <ac_nonexistent.h>
configure:6895: checking for ANSI C header files
configure:6915: gcc -c -g -O2  conftest.c >&5
configure:6915: $? = 0
configure:6985: gcc -o conftest.exe -g -O2   conftest.c  >&5
configure:6985: $? = 0
configure:6985: ./conftest.exe
configure:6985: $? = 0
configure:6996: result: yes
configure:7009: checking for sys/types.h
configure:7009: gcc -c -g -O2  conftest.c >&5
configure:7009: $? = 0
configure:7009: result: yes
configure:7009: checking for sys/stat.h
configure:7009: gcc -c -g -O2  conftest.c >&5
configure:7009: $? = 0
configure:7009: result: yes
configure:7009: checking for stdlib.h
configure:7009: gcc -c -g -O2  conftest.c >&5
configure:7009: $? = 0
configure:7009: result: yes
configure:7009: checking for string.h
configure:7009: gcc -c -g -O2  conftest.c >&5
configure:7009: $? = 0
configure:7009: result: yes
configure:7009: checking for memory.h
configure:7009: gcc -c -g -O2  conftest.c >&5
configure:7009: $? = 0
configure:7009: result: yes
configure:7009: checking for strings.h
configure:7009: gcc -c -g -O2  conftest.c >&5
configure:7009: $? = 0
configure:7009: result: yes
configure:7009: checking for inttypes.h
configure:7009: gcc -c -g -O2  conftest.c >&5
configure:7009: $? = 0
configure:7009: result: yes
configure:7009: checking for stdint.h
configure:7009: gcc -c -g -O2  conftest.c >&5
configure:7009: $? = 0
configure:7009: result: yes
configure:7009: checking for unistd.h
configure:7009: gcc -c -g -O2  conftest.c >&5
configure:7009: $? = 0
configure:7009: result: yes
configure:7023: checking for dlfcn.h
configure:7023: gcc -c -g -O2  conftest.c >&5
conftest.c:53:19: fatal error: dlfcn.h: No such file or directory
 #include <dlfcn.h>
                   ^
compilation terminated.
configure:7023: $? = 1
configure: failed program was:
| /* confdefs.h */
| #define PACKAGE_NAME "LibDsk"
| #define PACKAGE_TARNAME "libdsk"
| #define PACKAGE_VERSION "1.5.8"
| #define PACKAGE_STRING "LibDsk 1.5.8"
| #define PACKAGE_BUGREPORT ""
| #define PACKAGE_URL ""
| #define STDC_HEADERS 1
| #define HAVE_SYS_TYPES_H 1
| #define HAVE_SYS_STAT_H 1
| #define HAVE_STDLIB_H 1
| #define HAVE_STRING_H 1
| #define HAVE_MEMORY_H 1
| #define HAVE_STRINGS_H 1
| #define HAVE_INTTYPES_H 1
| #define HAVE_STDINT_H 1
| #define HAVE_UNISTD_H 1
| /* end confdefs.h.  */
| #include <stdio.h>
| #ifdef HAVE_SYS_TYPES_H
| # include <sys/types.h>
| #endif
| #ifdef HAVE_SYS_STAT_H
| # include <sys/stat.h>
| #endif
| #ifdef STDC_HEADERS
| # include <stdlib.h>
| # include <stddef.h>
| #else
| # ifdef HAVE_STDLIB_H
| #  include <stdlib.h>
| # endif
| #endif
| #ifdef HAVE_STRING_H
| # if !defined STDC_HEADERS && defined HAVE_MEMORY_H
| #  include <memory.h>
| # endif
| # include <string.h>
| #endif
| #ifdef HAVE_STRINGS_H
| # include <strings.h>
| #endif
| #ifdef HAVE_INTTYPES_H
| # include <inttypes.h>
| #endif
| #ifdef HAVE_STDINT_H
| # include <stdint.h>
| #endif
| #ifdef HAVE_UNISTD_H
| # include <unistd.h>
| #endif
| 
| #include <dlfcn.h>
configure:7023: result: no
configure:7279: checking for objdir
configure:7294: result: .libs
configure:7558: checking if gcc supports -fno-rtti -fno-exceptions
configure:7576: gcc -c -g -O2  -fno-rtti -fno-exceptions conftest.c >&5
cc1.exe: warning: command line option '-fno-rtti' is valid for C++/ObjC++ but not for C
configure:7580: $? = 0
configure:7593: result: no
configure:7951: checking for gcc option to produce PIC
configure:7958: result: -DDLL_EXPORT -DPIC
configure:7966: checking if gcc PIC flag -DDLL_EXPORT -DPIC works
configure:7984: gcc -c -g -O2  -DDLL_EXPORT -DPIC -DPIC conftest.c >&5
configure:7988: $? = 0
configure:8001: result: yes
configure:8030: checking if gcc static flag -static works
configure:8058: result: yes
configure:8073: checking if gcc supports -c -o file.o
configure:8094: gcc -c -g -O2  -o out/conftest2.o conftest.c >&5
configure:8098: $? = 0
configure:8120: result: yes
configure:8128: checking if gcc supports -c -o file.o
configure:8175: result: yes
configure:8208: checking whether the gcc linker (d:/usr/bin/gcc/bin/../lib/gcc/x86_64-w64-mingw32/6.1.0/../../../../x86_64-w64-mingw32/bin/ld.exe) supports shared libraries
configure:9471: result: yes
configure:9508: checking whether -lc should be explicitly linked in
configure:9516: gcc -c -g -O2  conftest.c >&5
configure:9519: $? = 0
configure:9534: gcc -shared conftest.o  -v -o ./conftest -Wl,--enable-auto-image-base -Xlinker --out-implib -Xlinker conftest 2\>\&1 \| /d/usr/bin/shellutils/grep  -lc  \>/dev/null 2\>\&1
configure:9537: $? = 1
configure:9551: result: yes
configure:9711: checking dynamic linker characteristics
configure:10541: result: Win32 ld.exe
configure:10663: checking how to hardcode library paths into programs
configure:10688: result: immediate
configure:11236: checking whether stripping libraries is possible
configure:11241: result: yes
configure:11276: checking if libtool supports shared libraries
configure:11278: result: yes
configure:11281: checking whether to build shared libraries
configure:11306: result: yes
configure:11309: checking whether to build static libraries
configure:11313: result: yes
configure:11368: checking for a BSD-compatible install
configure:11436: result: config/install-sh -c
configure:11447: checking whether build environment is sane
configure:11502: result: yes
configure:11537: WARNING: 'missing' script is too old or missing
configure:11650: checking for a thread-safe mkdir -p
configure:11689: result: /bin/mkdir -p
configure:11692: checking whether make sets $(MAKE)
configure:11714: result: yes
configure:11744: checking for style of include used by make
configure:11772: result: GNU
configure:11806: checking whether make supports nested variables
configure:11823: result: yes
configure:11908: checking dependency style of gcc
configure:12019: result: gcc3
configure:12187: checking for gcc
configure:12214: result: gcc
configure:12443: checking for C compiler version
configure:12452: gcc --version >&5
gcc.exe (x86_64-win32-seh, Built by MinGW-W64 project) 6.1.0
Copyright (C) 2016 Free Software Foundation, Inc.
This is free software; see the source for copying conditions.  There is NO
warranty; not even for MERCHANTABILITY or FITNESS FOR A PARTICULAR PURPOSE.

configure:12463: $? = 0
configure:12452: gcc -v >&5
Using built-in specs.
COLLECT_GCC=d:\usr\bin\gcc\bin\gcc.exe
COLLECT_LTO_WRAPPER=d:/usr/bin/gcc/bin/../libexec/gcc/x86_64-w64-mingw32/6.1.0/lto-wrapper.exe
Target: x86_64-w64-mingw32
Configured with: ../../../src/gcc-6.1.0/configure --host=x86_64-w64-mingw32 --build=x86_64-w64-mingw32 --target=x86_64-w64-mingw32 --prefix=/mingw64 --with-sysroot=/c/mingw610/x86_64-610-win32-seh-rt_v5/mingw64 --enable-shared --enable-static --disable-multilib --enable-languages=c,c++,fortran,lto --enable-libstdcxx-time=yes --enable-threads=win32 --enable-libgomp --enable-libatomic --enable-lto --enable-graphite --enable-checking=release --enable-fully-dynamic-string --enable-version-specific-runtime-libs --enable-libstdcxx-filesystem-ts=yes --disable-isl-version-check --disable-libstdcxx-pch --disable-libstdcxx-debug --enable-bootstrap --disable-rpath --disable-win32-registry --disable-nls --disable-werror --disable-symvers --with-gnu-as --with-gnu-ld --with-arch=nocona --with-tune=core2 --with-libiconv --with-system-zlib --with-gmp=/c/mingw610/prerequisites/x86_64-w64-mingw32-static --with-mpfr=/c/mingw610/prerequisites/x86_64-w64-mingw32-static --with-mpc=/c/mingw610/prerequisites/x86_64-w64-mingw32-static --with-isl=/c/mingw610/prerequisites/x86_64-w64-mingw32-static --with-pkgversion='x86_64-win32-seh, Built by MinGW-W64 project' --with-bugurl=http://sourceforge.net/projects/mingw-w64 CFLAGS='-O2 -pipe -I/c/mingw610/x86_64-610-win32-seh-rt_v5/mingw64/opt/include -I/c/mingw610/prerequisites/x86_64-zlib-static/include -I/c/mingw610/prerequisites/x86_64-w64-mingw32-static/include' CXXFLAGS='-O2 -pipe -I/c/mingw610/x86_64-610-win32-seh-rt_v5/mingw64/opt/include -I/c/mingw610/prerequisites/x86_64-zlib-static/include -I/c/mingw610/prerequisites/x86_64-w64-mingw32-static/include' CPPFLAGS= LDFLAGS='-pipe -L/c/mingw610/x86_64-610-win32-seh-rt_v5/mingw64/opt/lib -L/c/mingw610/prerequisites/x86_64-zlib-static/lib -L/c/mingw610/prerequisites/x86_64-w64-mingw32-static/lib '
Thread model: win32
gcc version 6.1.0 (x86_64-win32-seh, Built by MinGW-W64 project) 
configure:12463: $? = 0
configure:12452: gcc -V >&5
gcc.exe: error: unrecognized command line option '-V'
gcc.exe: fatal error: no input files
compilation terminated.
configure:12463: $? = 1
configure:12452: gcc -qversion >&5
gcc.exe: error: unrecognized command line option '-qversion'; did you mean '--version'?
gcc.exe: fatal error: no input files
compilation terminated.
configure:12463: $? = 1
configure:12467: checking whether we are using the GNU C compiler
configure:12495: result: yes
configure:12504: checking whether gcc accepts -g
configure:12565: result: yes
configure:12582: checking for gcc option to accept ISO C89
configure:12658: result: none needed
configure:12683: checking whether gcc understands -c and -o together
configure:12720: result: yes
configure:12738: checking whether make sets $(MAKE)
configure:12760: result: yes
configure:12775: checking for ANSI C header files
configure:12876: result: yes
configure:12887: checking errno.h usability
configure:12887: gcc -c -Wall -DNOTWINDLL -g -O2  conftest.c >&5
configure:12887: $? = 0
configure:12887: result: yes
configure:12887: checking errno.h presence
configure:12887: gcc -E  conftest.c
configure:12887: $? = 0
configure:12887: result: yes
configure:12887: checking for errno.h
configure:12887: result: yes
configure:12887: checking limits.h usability
configure:12887: gcc -c -Wall -DNOTWINDLL -g -O2  conftest.c >&5
configure:12887: $? = 0
configure:12887: result: yes
configure:12887: checking limits.h presence
configure:12887: gcc -E  conftest.c
configure:12887: $? = 0
configure:12887: result: yes
configure:12887: checking for limits.h
configure:12887: result: yes
configure:12887: checking sys/ioctl.h usability
configure:12887: gcc -c -Wall -DNOTWINDLL -g -O2  conftest.c >&5
conftest.c:58:23: fatal error: sys/ioctl.h: No such file or directory
 #include <sys/ioctl.h>
                       ^
compilation terminated.
configure:12887: $? = 1
configure: failed program was:
| /* confdefs.h */
| #define PACKAGE_NAME "LibDsk"
| #define PACKAGE_TARNAME "libdsk"
| #define PACKAGE_VERSION "1.5.8"
| #define PACKAGE_STRING "LibDsk 1.5.8"
| #define PACKAGE_BUGREPORT ""
| #define PACKAGE_URL ""
| #define STDC_HEADERS 1
| #define HAVE_SYS_TYPES_H 1
| #define HAVE_SYS_STAT_H 1
| #define HAVE_STDLIB_H 1
| #define HAVE_STRING_H 1
| #define HAVE_MEMORY_H 1
| #define HAVE_STRINGS_H 1
| #define HAVE_INTTYPES_H 1
| #define HAVE_STDINT_H 1
| #define HAVE_UNISTD_H 1
| #define LT_OBJDIR ".libs/"
| #define PACKAGE "libdsk"
| #define VERSION "1.5.8"
| #define STDC_HEADERS 1
| #define HAVE_ERRNO_H 1
| #define HAVE_LIMITS_H 1
| /* end confdefs.h.  */
| #include <stdio.h>
| #ifdef HAVE_SYS_TYPES_H
| # include <sys/types.h>
| #endif
| #ifdef HAVE_SYS_STAT_H
| # include <sys/stat.h>
| #endif
| #ifdef STDC_HEADERS
| # include <stdlib.h>
| # include <stddef.h>
| #else
| # ifdef HAVE_STDLIB_H
| #  include <stdlib.h>
| # endif
| #endif
| #ifdef HAVE_STRING_H
| # if !defined STDC_HEADERS && defined HAVE_MEMORY_H
| #  include <memory.h>
| # endif
| # include <string.h>
| #endif
| #ifdef HAVE_STRINGS_H
| # include <strings.h>
| #endif
| #ifdef HAVE_INTTYPES_H
| # include <inttypes.h>
| #endif
| #ifdef HAVE_STDINT_H
| # include <stdint.h>
| #endif
| #ifdef HAVE_UNISTD_H
| # include <unistd.h>
| #endif
| #include <sys/ioctl.h>
configure:12887: result: no
configure:12887: checking sys/ioctl.h presence
configure:12887: gcc -E  conftest.c
conftest.c:25:23: fatal error: sys/ioctl.h: No such file or directory
 #include <sys/ioctl.h>
                       ^
compilation terminated.
configure:12887: $? = 1
configure: failed program was:
| /* confdefs.h */
| #define PACKAGE_NAME "LibDsk"
| #define PACKAGE_TARNAME "libdsk"
| #define PACKAGE_VERSION "1.5.8"
| #define PACKAGE_STRING "LibDsk 1.5.8"
| #define PACKAGE_BUGREPORT ""
| #define PACKAGE_URL ""
| #define STDC_HEADERS 1
| #define HAVE_SYS_TYPES_H 1
| #define HAVE_SYS_STAT_H 1
| #define HAVE_STDLIB_H 1
| #define HAVE_STRING_H 1
| #define HAVE_MEMORY_H 1
| #define HAVE_STRINGS_H 1
| #define HAVE_INTTYPES_H 1
| #define HAVE_STDINT_H 1
| #define HAVE_UNISTD_H 1
| #define LT_OBJDIR ".libs/"
| #define PACKAGE "libdsk"
| #define VERSION "1.5.8"
| #define STDC_HEADERS 1
| #define HAVE_ERRNO_H 1
| #define HAVE_LIMITS_H 1
| /* end confdefs.h.  */
| #include <sys/ioctl.h>
configure:12887: result: no
configure:12887: checking for sys/ioctl.h
configure:12887: result: no
configure:12887: checking stat.h usability
configure:12887: gcc -c -Wall -DNOTWINDLL -g -O2  conftest.c >&5
conftest.c:58:18: fatal error: stat.h: No such file or directory
 #include <stat.h>
                  ^
compilation terminated.
configure:12887: $? = 1
configure: failed program was:
| /* confdefs.h */
| #define PACKAGE_NAME "LibDsk"
| #define PACKAGE_TARNAME "libdsk"
| #define PACKAGE_VERSION "1.5.8"
| #define PACKAGE_STRING "LibDsk 1.5.8"
| #define PACKAGE_BUGREPORT ""
| #define PACKAGE_URL ""
| #define STDC_HEADERS 1
| #define HAVE_SYS_TYPES_H 1
| #define HAVE_SYS_STAT_H 1
| #define HAVE_STDLIB_H 1
| #define HAVE_STRING_H 1
| #define HAVE_MEMORY_H 1
| #define HAVE_STRINGS_H 1
| #define HAVE_INTTYPES_H 1
| #define HAVE_STDINT_H 1
| #define HAVE_UNISTD_H 1
| #define LT_OBJDIR ".libs/"
| #define PACKAGE "libdsk"
| #define VERSION "1.5.8"
| #define STDC_HEADERS 1
| #define HAVE_ERRNO_H 1
| #define HAVE_LIMITS_H 1
| /* end confdefs.h.  */
| #include <stdio.h>
| #ifdef HAVE_SYS_TYPES_H
| # include <sys/types.h>
| #endif
| #ifdef HAVE_SYS_STAT_H
| # include <sys/stat.h>
| #endif
| #ifdef STDC_HEADERS
| # include <stdlib.h>
| # include <stddef.h>
| #else
| # ifdef HAVE_STDLIB_H
| #  include <stdlib.h>
| # endif
| #endif
| #ifdef HAVE_STRING_H
| # if !defined STDC_HEADERS && defined HAVE_MEMORY_H
| #  include <memory.h>
| # endif
| # include <string.h>
| #endif
| #ifdef HAVE_STRINGS_H
| # include <strings.h>
| #endif
| #ifdef HAVE_INTTYPES_H
| # include <inttypes.h>
| #endif
| #ifdef HAVE_STDINT_H
| # include <stdint.h>
| #endif
| #ifdef HAVE_UNISTD_H
| # include <unistd.h>
| #endif
| #include <stat.h>
configure:12887: result: no
configure:12887: checking stat.h presence
configure:12887: gcc -E  conftest.c
conftest.c:25:18: fatal error: stat.h: No such file or directory
 #include <stat.h>
                  ^
compilation terminated.
configure:12887: $? = 1
configure: failed program was:
| /* confdefs.h */
| #define PACKAGE_NAME "LibDsk"
| #define PACKAGE_TARNAME "libdsk"
| #define PACKAGE_VERSION "1.5.8"
| #define PACKAGE_STRING "LibDsk 1.5.8"
| #define PACKAGE_BUGREPORT ""
| #define PACKAGE_URL ""
| #define STDC_HEADERS 1
| #define HAVE_SYS_TYPES_H 1
| #define HAVE_SYS_STAT_H 1
| #define HAVE_STDLIB_H 1
| #define HAVE_STRING_H 1
| #define HAVE_MEMORY_H 1
| #define HAVE_STRINGS_H 1
| #define HAVE_INTTYPES_H 1
| #define HAVE_STDINT_H 1
| #define HAVE_UNISTD_H 1
| #define LT_OBJDIR ".libs/"
| #define PACKAGE "libdsk"
| #define VERSION "1.5.8"
| #define STDC_HEADERS 1
| #define HAVE_ERRNO_H 1
| #define HAVE_LIMITS_H 1
| /* end confdefs.h.  */
| #include <stat.h>
configure:12887: result: no
configure:12887: checking for stat.h
configure:12887: result: no
configure:12887: checking for sys/stat.h
configure:12887: result: yes
configure:12887: checking for sys/types.h
configure:12887: result: yes
configure:12900: checking for unistd.h
configure:12900: result: yes
configure:12900: checking termios.h usability
configure:12900: gcc -c -Wall -DNOTWINDLL -g -O2  conftest.c >&5
conftest.c:61:21: fatal error: termios.h: No such file or directory
 #include <termios.h>
                     ^
compilation terminated.
configure:12900: $? = 1
configure: failed program was:
| /* confdefs.h */
| #define PACKAGE_NAME "LibDsk"
| #define PACKAGE_TARNAME "libdsk"
| #define PACKAGE_VERSION "1.5.8"
| #define PACKAGE_STRING "LibDsk 1.5.8"
| #define PACKAGE_BUGREPORT ""
| #define PACKAGE_URL ""
| #define STDC_HEADERS 1
| #define HAVE_SYS_TYPES_H 1
| #define HAVE_SYS_STAT_H 1
| #define HAVE_STDLIB_H 1
| #define HAVE_STRING_H 1
| #define HAVE_MEMORY_H 1
| #define HAVE_STRINGS_H 1
| #define HAVE_INTTYPES_H 1
| #define HAVE_STDINT_H 1
| #define HAVE_UNISTD_H 1
| #define LT_OBJDIR ".libs/"
| #define PACKAGE "libdsk"
| #define VERSION "1.5.8"
| #define STDC_HEADERS 1
| #define HAVE_ERRNO_H 1
| #define HAVE_LIMITS_H 1
| #define HAVE_SYS_STAT_H 1
| #define HAVE_SYS_TYPES_H 1
| #define HAVE_UNISTD_H 1
| /* end confdefs.h.  */
| #include <stdio.h>
| #ifdef HAVE_SYS_TYPES_H
| # include <sys/types.h>
| #endif
| #ifdef HAVE_SYS_STAT_H
| # include <sys/stat.h>
| #endif
| #ifdef STDC_HEADERS
| # include <stdlib.h>
| # include <stddef.h>
| #else
| # ifdef HAVE_STDLIB_H
| #  include <stdlib.h>
| # endif
| #endif
| #ifdef HAVE_STRING_H
| # if !defined STDC_HEADERS && defined HAVE_MEMORY_H
| #  include <memory.h>
| # endif
| # include <string.h>
| #endif
| #ifdef HAVE_STRINGS_H
| # include <strings.h>
| #endif
| #ifdef HAVE_INTTYPES_H
| # include <inttypes.h>
| #endif
| #ifdef HAVE_STDINT_H
| # include <stdint.h>
| #endif
| #ifdef HAVE_UNISTD_H
| # include <unistd.h>
| #endif
| #include <termios.h>
configure:12900: result: no
configure:12900: checking termios.h presence
configure:12900: gcc -E  conftest.c
conftest.c:28:21: fatal error: termios.h: No such file or directory
 #include <termios.h>
                     ^
compilation terminated.
configure:12900: $? = 1
configure: failed program was:
| /* confdefs.h */
| #define PACKAGE_NAME "LibDsk"
| #define PACKAGE_TARNAME "libdsk"
| #define PACKAGE_VERSION "1.5.8"
| #define PACKAGE_STRING "LibDsk 1.5.8"
| #define PACKAGE_BUGREPORT ""
| #define PACKAGE_URL ""
| #define STDC_HEADERS 1
| #define HAVE_SYS_TYPES_H 1
| #define HAVE_SYS_STAT_H 1
| #define HAVE_STDLIB_H 1
| #define HAVE_STRING_H 1
| #define HAVE_MEMORY_H 1
| #define HAVE_STRINGS_H 1
| #define HAVE_INTTYPES_H 1
| #define HAVE_STDINT_H 1
| #define HAVE_UNISTD_H 1
| #define LT_OBJDIR ".libs/"
| #define PACKAGE "libdsk"
| #define VERSION "1.5.8"
| #define STDC_HEADERS 1
| #define HAVE_ERRNO_H 1
| #define HAVE_LIMITS_H 1
| #define HAVE_SYS_STAT_H 1
| #define HAVE_SYS_TYPES_H 1
| #define HAVE_UNISTD_H 1
| /* end confdefs.h.  */
| #include <termios.h>
configure:12900: result: no
configure:12900: checking for termios.h
configure:12900: result: no
configure:12900: checking libgen.h usability
configure:12900: gcc -c -Wall -DNOTWINDLL -g -O2  conftest.c >&5
configure:12900: $? = 0
configure:12900: result: yes
configure:12900: checking libgen.h presence
configure:12900: gcc -E  conftest.c
configure:12900: $? = 0
configure:12900: result: yes
configure:12900: checking for libgen.h
configure:12900: result: yes
configure:12900: checking assert.h usability
configure:12900: gcc -c -Wall -DNOTWINDLL -g -O2  conftest.c >&5
configure:12900: $? = 0
configure:12900: result: yes
configure:12900: checking assert.h presence
configure:12900: gcc -E  conftest.c
configure:12900: $? = 0
configure:12900: result: yes
configure:12900: checking for assert.h
configure:12900: result: yes
configure:12913: checking dirent.h usability
configure:12913: gcc -c -Wall -DNOTWINDLL -g -O2  conftest.c >&5
configure:12913: $? = 0
configure:12913: result: yes
configure:12913: checking dirent.h presence
configure:12913: gcc -E  conftest.c
configure:12913: $? = 0
configure:12913: result: yes
configure:12913: checking for dirent.h
configure:12913: result: yes
configure:12913: checking fcntl.h usability
configure:12913: gcc -c -Wall -DNOTWINDLL -g -O2  conftest.c >&5
configure:12913: $? = 0
configure:12913: result: yes
configure:12913: checking fcntl.h presence
configure:12913: gcc -E  conftest.c
configure:12913: $? = 0
configure:12913: result: yes
configure:12913: checking for fcntl.h
configure:12913: result: yes
configure:12913: checking utime.h usability
configure:12913: gcc -c -Wall -DNOTWINDLL -g -O2  conftest.c >&5
configure:12913: $? = 0
configure:12913: result: yes
configure:12913: checking utime.h presence
configure:12913: gcc -E  conftest.c
configure:12913: $? = 0
configure:12913: result: yes
configure:12913: checking for utime.h
configure:12913: result: yes
configure:12913: checking pwd.h usability
configure:12913: gcc -c -Wall -DNOTWINDLL -g -O2  conftest.c >&5
conftest.c:66:17: fatal error: pwd.h: No such file or directory
 #include <pwd.h>
                 ^
compilation terminated.
configure:12913: $? = 1
configure: failed program was:
| /* confdefs.h */
| #define PACKAGE_NAME "LibDsk"
| #define PACKAGE_TARNAME "libdsk"
| #define PACKAGE_VERSION "1.5.8"
| #define PACKAGE_STRING "LibDsk 1.5.8"
| #define PACKAGE_BUGREPORT ""
| #define PACKAGE_URL ""
| #define STDC_HEADERS 1
| #define HAVE_SYS_TYPES_H 1
| #define HAVE_SYS_STAT_H 1
| #define HAVE_STDLIB_H 1
| #define HAVE_STRING_H 1
| #define HAVE_MEMORY_H 1
| #define HAVE_STRINGS_H 1
| #define HAVE_INTTYPES_H 1
| #define HAVE_STDINT_H 1
| #define HAVE_UNISTD_H 1
| #define LT_OBJDIR ".libs/"
| #define PACKAGE "libdsk"
| #define VERSION "1.5.8"
| #define STDC_HEADERS 1
| #define HAVE_ERRNO_H 1
| #define HAVE_LIMITS_H 1
| #define HAVE_SYS_STAT_H 1
| #define HAVE_SYS_TYPES_H 1
| #define HAVE_UNISTD_H 1
| #define HAVE_LIBGEN_H 1
| #define HAVE_ASSERT_H 1
| #define HAVE_DIRENT_H 1
| #define HAVE_FCNTL_H 1
| #define HAVE_UTIME_H 1
| /* end confdefs.h.  */
| #include <stdio.h>
| #ifdef HAVE_SYS_TYPES_H
| # include <sys/types.h>
| #endif
| #ifdef HAVE_SYS_STAT_H
| # include <sys/stat.h>
| #endif
| #ifdef STDC_HEADERS
| # include <stdlib.h>
| # include <stddef.h>
| #else
| # ifdef HAVE_STDLIB_H
| #  include <stdlib.h>
| # endif
| #endif
| #ifdef HAVE_STRING_H
| # if !defined STDC_HEADERS && defined HAVE_MEMORY_H
| #  include <memory.h>
| # endif
| # include <string.h>
| #endif
| #ifdef HAVE_STRINGS_H
| # include <strings.h>
| #endif
| #ifdef HAVE_INTTYPES_H
| # include <inttypes.h>
| #endif
| #ifdef HAVE_STDINT_H
| # include <stdint.h>
| #endif
| #ifdef HAVE_UNISTD_H
| # include <unistd.h>
| #endif
| #include <pwd.h>
configure:12913: result: no
configure:12913: checking pwd.h presence
configure:12913: gcc -E  conftest.c
conftest.c:33:17: fatal error: pwd.h: No such file or directory
 #include <pwd.h>
                 ^
compilation terminated.
configure:12913: $? = 1
configure: failed program was:
| /* confdefs.h */
| #define PACKAGE_NAME "LibDsk"
| #define PACKAGE_TARNAME "libdsk"
| #define PACKAGE_VERSION "1.5.8"
| #define PACKAGE_STRING "LibDsk 1.5.8"
| #define PACKAGE_BUGREPORT ""
| #define PACKAGE_URL ""
| #define STDC_HEADERS 1
| #define HAVE_SYS_TYPES_H 1
| #define HAVE_SYS_STAT_H 1
| #define HAVE_STDLIB_H 1
| #define HAVE_STRING_H 1
| #define HAVE_MEMORY_H 1
| #define HAVE_STRINGS_H 1
| #define HAVE_INTTYPES_H 1
| #define HAVE_STDINT_H 1
| #define HAVE_UNISTD_H 1
| #define LT_OBJDIR ".libs/"
| #define PACKAGE "libdsk"
| #define VERSION "1.5.8"
| #define STDC_HEADERS 1
| #define HAVE_ERRNO_H 1
| #define HAVE_LIMITS_H 1
| #define HAVE_SYS_STAT_H 1
| #define HAVE_SYS_TYPES_H 1
| #define HAVE_UNISTD_H 1
| #define HAVE_LIBGEN_H 1
| #define HAVE_ASSERT_H 1
| #define HAVE_DIRENT_H 1
| #define HAVE_FCNTL_H 1
| #define HAVE_UTIME_H 1
| /* end confdefs.h.  */
| #include <pwd.h>
configure:12913: result: no
configure:12913: checking for pwd.h
configure:12913: result: no
configure:12913: checking time.h usability
configure:12913: gcc -c -Wall -DNOTWINDLL -g -O2  conftest.c >&5
configure:12913: $? = 0
configure:12913: result: yes
configure:12913: checking time.h presence
configure:12913: gcc -E  conftest.c
configure:12913: $? = 0
configure:12913: result: yes
configure:12913: checking for time.h
configure:12913: result: yes
configure:12913: checking dir.h usability
configure:12913: gcc -c -Wall -DNOTWINDLL -g -O2  conftest.c >&5
configure:12913: $? = 0
configure:12913: result: yes
configure:12913: checking dir.h presence
configure:12913: gcc -E  conftest.c
configure:12913: $? = 0
configure:12913: result: yes
configure:12913: checking for dir.h
configure:12913: result: yes
configure:12913: checking direct.h usability
configure:12913: gcc -c -Wall -DNOTWINDLL -g -O2  conftest.c >&5
configure:12913: $? = 0
configure:12913: result: yes
configure:12913: checking direct.h presence
configure:12913: gcc -E  conftest.c
configure:12913: $? = 0
configure:12913: result: yes
configure:12913: checking for direct.h
configure:12913: result: yes
configure:12926: checking linux/fd.h usability
configure:12926: gcc -c -Wall -DNOTWINDLL -g -O2  conftest.c >&5
conftest.c:69:22: fatal error: linux/fd.h: No such file or directory
 #include <linux/fd.h>
                      ^
compilation terminated.
configure:12926: $? = 1
configure: failed program was:
| /* confdefs.h */
| #define PACKAGE_NAME "LibDsk"
| #define PACKAGE_TARNAME "libdsk"
| #define PACKAGE_VERSION "1.5.8"
| #define PACKAGE_STRING "LibDsk 1.5.8"
| #define PACKAGE_BUGREPORT ""
| #define PACKAGE_URL ""
| #define STDC_HEADERS 1
| #define HAVE_SYS_TYPES_H 1
| #define HAVE_SYS_STAT_H 1
| #define HAVE_STDLIB_H 1
| #define HAVE_STRING_H 1
| #define HAVE_MEMORY_H 1
| #define HAVE_STRINGS_H 1
| #define HAVE_INTTYPES_H 1
| #define HAVE_STDINT_H 1
| #define HAVE_UNISTD_H 1
| #define LT_OBJDIR ".libs/"
| #define PACKAGE "libdsk"
| #define VERSION "1.5.8"
| #define STDC_HEADERS 1
| #define HAVE_ERRNO_H 1
| #define HAVE_LIMITS_H 1
| #define HAVE_SYS_STAT_H 1
| #define HAVE_SYS_TYPES_H 1
| #define HAVE_UNISTD_H 1
| #define HAVE_LIBGEN_H 1
| #define HAVE_ASSERT_H 1
| #define HAVE_DIRENT_H 1
| #define HAVE_FCNTL_H 1
| #define HAVE_UTIME_H 1
| #define HAVE_TIME_H 1
| #define HAVE_DIR_H 1
| #define HAVE_DIRECT_H 1
| /* end confdefs.h.  */
| #include <stdio.h>
| #ifdef HAVE_SYS_TYPES_H
| # include <sys/types.h>
| #endif
| #ifdef HAVE_SYS_STAT_H
| # include <sys/stat.h>
| #endif
| #ifdef STDC_HEADERS
| # include <stdlib.h>
| # include <stddef.h>
| #else
| # ifdef HAVE_STDLIB_H
| #  include <stdlib.h>
| # endif
| #endif
| #ifdef HAVE_STRING_H
| # if !defined STDC_HEADERS && defined HAVE_MEMORY_H
| #  include <memory.h>
| # endif
| # include <string.h>
| #endif
| #ifdef HAVE_STRINGS_H
| # include <strings.h>
| #endif
| #ifdef HAVE_INTTYPES_H
| # include <inttypes.h>
| #endif
| #ifdef HAVE_STDINT_H
| # include <stdint.h>
| #endif
| #ifdef HAVE_UNISTD_H
| # include <unistd.h>
| #endif
| #include <linux/fd.h>
configure:12926: result: no
configure:12926: checking linux/fd.h presence
configure:12926: gcc -E  conftest.c
conftest.c:36:22: fatal error: linux/fd.h: No such file or directory
 #include <linux/fd.h>
                      ^
compilation terminated.
configure:12926: $? = 1
configure: failed program was:
| /* confdefs.h */
| #define PACKAGE_NAME "LibDsk"
| #define PACKAGE_TARNAME "libdsk"
| #define PACKAGE_VERSION "1.5.8"
| #define PACKAGE_STRING "LibDsk 1.5.8"
| #define PACKAGE_BUGREPORT ""
| #define PACKAGE_URL ""
| #define STDC_HEADERS 1
| #define HAVE_SYS_TYPES_H 1
| #define HAVE_SYS_STAT_H 1
| #define HAVE_STDLIB_H 1
| #define HAVE_STRING_H 1
| #define HAVE_MEMORY_H 1
| #define HAVE_STRINGS_H 1
| #define HAVE_INTTYPES_H 1
| #define HAVE_STDINT_H 1
| #define HAVE_UNISTD_H 1
| #define LT_OBJDIR ".libs/"
| #define PACKAGE "libdsk"
| #define VERSION "1.5.8"
| #define STDC_HEADERS 1
| #define HAVE_ERRNO_H 1
| #define HAVE_LIMITS_H 1
| #define HAVE_SYS_STAT_H 1
| #define HAVE_SYS_TYPES_H 1
| #define HAVE_UNISTD_H 1
| #define HAVE_LIBGEN_H 1
| #define HAVE_ASSERT_H 1
| #define HAVE_DIRENT_H 1
| #define HAVE_FCNTL_H 1
| #define HAVE_UTIME_H 1
| #define HAVE_TIME_H 1
| #define HAVE_DIR_H 1
| #define HAVE_DIRECT_H 1
| /* end confdefs.h.  */
| #include <linux/fd.h>
configure:12926: result: no
configure:12926: checking for linux/fd.h
configure:12926: result: no
configure:12926: checking linux/fdreg.h usability
configure:12926: gcc -c -Wall -DNOTWINDLL -g -O2  conftest.c >&5
conftest.c:69:25: fatal error: linux/fdreg.h: No such file or directory
 #include <linux/fdreg.h>
                         ^
compilation terminated.
configure:12926: $? = 1
configure: failed program was:
| /* confdefs.h */
| #define PACKAGE_NAME "LibDsk"
| #define PACKAGE_TARNAME "libdsk"
| #define PACKAGE_VERSION "1.5.8"
| #define PACKAGE_STRING "LibDsk 1.5.8"
| #define PACKAGE_BUGREPORT ""
| #define PACKAGE_URL ""
| #define STDC_HEADERS 1
| #define HAVE_SYS_TYPES_H 1
| #define HAVE_SYS_STAT_H 1
| #define HAVE_STDLIB_H 1
| #define HAVE_STRING_H 1
| #define HAVE_MEMORY_H 1
| #define HAVE_STRINGS_H 1
| #define HAVE_INTTYPES_H 1
| #define HAVE_STDINT_H 1
| #define HAVE_UNISTD_H 1
| #define LT_OBJDIR ".libs/"
| #define PACKAGE "libdsk"
| #define VERSION "1.5.8"
| #define STDC_HEADERS 1
| #define HAVE_ERRNO_H 1
| #define HAVE_LIMITS_H 1
| #define HAVE_SYS_STAT_H 1
| #define HAVE_SYS_TYPES_H 1
| #define HAVE_UNISTD_H 1
| #define HAVE_LIBGEN_H 1
| #define HAVE_ASSERT_H 1
| #define HAVE_DIRENT_H 1
| #define HAVE_FCNTL_H 1
| #define HAVE_UTIME_H 1
| #define HAVE_TIME_H 1
| #define HAVE_DIR_H 1
| #define HAVE_DIRECT_H 1
| /* end confdefs.h.  */
| #include <stdio.h>
| #ifdef HAVE_SYS_TYPES_H
| # include <sys/types.h>
| #endif
| #ifdef HAVE_SYS_STAT_H
| # include <sys/stat.h>
| #endif
| #ifdef STDC_HEADERS
| # include <stdlib.h>
| # include <stddef.h>
| #else
| # ifdef HAVE_STDLIB_H
| #  include <stdlib.h>
| # endif
| #endif
| #ifdef HAVE_STRING_H
| # if !defined STDC_HEADERS && defined HAVE_MEMORY_H
| #  include <memory.h>
| # endif
| # include <string.h>
| #endif
| #ifdef HAVE_STRINGS_H
| # include <strings.h>
| #endif
| #ifdef HAVE_INTTYPES_H
| # include <inttypes.h>
| #endif
| #ifdef HAVE_STDINT_H
| # include <stdint.h>
| #endif
| #ifdef HAVE_UNISTD_H
| # include <unistd.h>
| #endif
| #include <linux/fdreg.h>
configure:12926: result: no
configure:12926: checking linux/fdreg.h presence
configure:12926: gcc -E  conftest.c
conftest.c:36:25: fatal error: linux/fdreg.h: No such file or directory
 #include <linux/fdreg.h>
                         ^
compilation terminated.
configure:12926: $? = 1
configure: failed program was:
| /* confdefs.h */
| #define PACKAGE_NAME "LibDsk"
| #define PACKAGE_TARNAME "libdsk"
| #define PACKAGE_VERSION "1.5.8"
| #define PACKAGE_STRING "LibDsk 1.5.8"
| #define PACKAGE_BUGREPORT ""
| #define PACKAGE_URL ""
| #define STDC_HEADERS 1
| #define HAVE_SYS_TYPES_H 1
| #define HAVE_SYS_STAT_H 1
| #define HAVE_STDLIB_H 1
| #define HAVE_STRING_H 1
| #define HAVE_MEMORY_H 1
| #define HAVE_STRINGS_H 1
| #define HAVE_INTTYPES_H 1
| #define HAVE_STDINT_H 1
| #define HAVE_UNISTD_H 1
| #define LT_OBJDIR ".libs/"
| #define PACKAGE "libdsk"
| #define VERSION "1.5.8"
| #define STDC_HEADERS 1
| #define HAVE_ERRNO_H 1
| #define HAVE_LIMITS_H 1
| #define HAVE_SYS_STAT_H 1
| #define HAVE_SYS_TYPES_H 1
| #define HAVE_UNISTD_H 1
| #define HAVE_LIBGEN_H 1
| #define HAVE_ASSERT_H 1
| #define HAVE_DIRENT_H 1
| #define HAVE_FCNTL_H 1
| #define HAVE_UTIME_H 1
| #define HAVE_TIME_H 1
| #define HAVE_DIR_H 1
| #define HAVE_DIRECT_H 1
| /* end confdefs.h.  */
| #include <linux/fdreg.h>
configure:12926: result: no
configure:12926: checking for linux/fdreg.h
configure:12926: result: no
configure:12926: checking shlobj.h usability
configure:12926: gcc -c -Wall -DNOTWINDLL -g -O2  conftest.c >&5
configure:12926: $? = 0
configure:12926: result: yes
configure:12926: checking shlobj.h presence
configure:12926: gcc -E  conftest.c
configure:12926: $? = 0
configure:12926: result: yes
configure:12926: checking for shlobj.h
configure:12926: result: yes
configure:12939: checking for windows.h
configure:12939: gcc -c -Wall -DNOTWINDLL -g -O2  conftest.c >&5
configure:12939: $? = 0
configure:12939: result: yes
configure:12939: checking for winioctl.h
configure:12939: gcc -c -Wall -DNOTWINDLL -g -O2  conftest.c >&5
configure:12939: $? = 0
configure:12939: result: yes
configure:12957: checking for strcmpi
configure:12957: gcc -o conftest.exe -Wall -DNOTWINDLL -g -O2   conftest.c  >&5
configure:12957: $? = 0
configure:12957: result: yes
configure:12968: checking for mkstemp
configure:12968: gcc -o conftest.exe -Wall -DNOTWINDLL -g -O2   conftest.c  >&5
configure:12968: $? = 0
configure:12968: result: yes
configure:12979: checking for basename
configure:12979: gcc -o conftest.exe -Wall -DNOTWINDLL -g -O2   conftest.c  >&5
configure:12979: $? = 0
configure:12979: result: yes
configure:12990: checking for fork
configure:12990: gcc -o conftest.exe -Wall -DNOTWINDLL -g -O2   conftest.c  >&5
conftest.c:65:6: warning: conflicting types for built-in function 'fork'
 char fork ();
      ^~~~
C:\Users\crazy\AppData\Local\Temp\cciMPJNA.o: In function `main':
c:\users\crazy\Downloads\fatcat\libdsk-1.5.8/conftest.c:76: undefined reference to `fork'
collect2.exe: error: ld returned 1 exit status
configure:12990: $? = 1
configure: failed program was:
| /* confdefs.h */
| #define PACKAGE_NAME "LibDsk"
| #define PACKAGE_TARNAME "libdsk"
| #define PACKAGE_VERSION "1.5.8"
| #define PACKAGE_STRING "LibDsk 1.5.8"
| #define PACKAGE_BUGREPORT ""
| #define PACKAGE_URL ""
| #define STDC_HEADERS 1
| #define HAVE_SYS_TYPES_H 1
| #define HAVE_SYS_STAT_H 1
| #define HAVE_STDLIB_H 1
| #define HAVE_STRING_H 1
| #define HAVE_MEMORY_H 1
| #define HAVE_STRINGS_H 1
| #define HAVE_INTTYPES_H 1
| #define HAVE_STDINT_H 1
| #define HAVE_UNISTD_H 1
| #define LT_OBJDIR ".libs/"
| #define PACKAGE "libdsk"
| #define VERSION "1.5.8"
| #define STDC_HEADERS 1
| #define HAVE_ERRNO_H 1
| #define HAVE_LIMITS_H 1
| #define HAVE_SYS_STAT_H 1
| #define HAVE_SYS_TYPES_H 1
| #define HAVE_UNISTD_H 1
| #define HAVE_LIBGEN_H 1
| #define HAVE_ASSERT_H 1
| #define HAVE_DIRENT_H 1
| #define HAVE_FCNTL_H 1
| #define HAVE_UTIME_H 1
| #define HAVE_TIME_H 1
| #define HAVE_DIR_H 1
| #define HAVE_DIRECT_H 1
| #define HAVE_SHLOBJ_H 1
| #define HAVE_WINDOWS_H 1
| #define HAVE_WINIOCTL_H 1
| #define HAVE_STRCMPI 1
| #define HAVE_MKSTEMP 1
| #define HAVE_BASENAME 1
| /* end confdefs.h.  */
| /* Define fork to an innocuous variant, in case <limits.h> declares fork.
|    For example, HP-UX 11i <limits.h> declares gettimeofday.  */
| #define fork innocuous_fork
| 
| /* System header to define __stub macros and hopefully few prototypes,
|     which can conflict with char fork (); below.
|     Prefer <limits.h> to <assert.h> if __STDC__ is defined, since
|     <limits.h> exists even on freestanding compilers.  */
| 
| #ifdef __STDC__
| # include <limits.h>
| #else
| # include <assert.h>
| #endif
| 
| #undef fork
| 
| /* Override any GCC internal prototype to avoid an error.
|    Use char because int might match the return type of a GCC
|    builtin and then its argument prototype would still apply.  */
| #ifdef __cplusplus
| extern "C"
| #endif
| char fork ();
| /* The GNU C library defines this for functions which it implements
|     to always fail with ENOSYS.  Some functions are actually named
|     something starting with __ and the normal name is an alias.  */
| #if defined __stub_fork || defined __stub___fork
| choke me
| #endif
| 
| int
| main ()
| {
| return fork ();
|   ;
|   return 0;
| }
configure:12990: result: no
configure:13001: checking for GetTempFileName
configure:13001: gcc -o conftest.exe -Wall -DNOTWINDLL -g -O2   conftest.c  >&5
C:\Users\crazy\AppData\Local\Temp\ccckvsYe.o: In function `main':
c:\users\crazy\Downloads\fatcat\libdsk-1.5.8/conftest.c:76: undefined reference to `GetTempFileName'
collect2.exe: error: ld returned 1 exit status
configure:13001: $? = 1
configure: failed program was:
| /* confdefs.h */
| #define PACKAGE_NAME "LibDsk"
| #define PACKAGE_TARNAME "libdsk"
| #define PACKAGE_VERSION "1.5.8"
| #define PACKAGE_STRING "LibDsk 1.5.8"
| #define PACKAGE_BUGREPORT ""
| #define PACKAGE_URL ""
| #define STDC_HEADERS 1
| #define HAVE_SYS_TYPES_H 1
| #define HAVE_SYS_STAT_H 1
| #define HAVE_STDLIB_H 1
| #define HAVE_STRING_H 1
| #define HAVE_MEMORY_H 1
| #define HAVE_STRINGS_H 1
| #define HAVE_INTTYPES_H 1
| #define HAVE_STDINT_H 1
| #define HAVE_UNISTD_H 1
| #define LT_OBJDIR ".libs/"
| #define PACKAGE "libdsk"
| #define VERSION "1.5.8"
| #define STDC_HEADERS 1
| #define HAVE_ERRNO_H 1
| #define HAVE_LIMITS_H 1
| #define HAVE_SYS_STAT_H 1
| #define HAVE_SYS_TYPES_H 1
| #define HAVE_UNISTD_H 1
| #define HAVE_LIBGEN_H 1
| #define HAVE_ASSERT_H 1
| #define HAVE_DIRENT_H 1
| #define HAVE_FCNTL_H 1
| #define HAVE_UTIME_H 1
| #define HAVE_TIME_H 1
| #define HAVE_DIR_H 1
| #define HAVE_DIRECT_H 1
| #define HAVE_SHLOBJ_H 1
| #define HAVE_WINDOWS_H 1
| #define HAVE_WINIOCTL_H 1
| #define HAVE_STRCMPI 1
| #define HAVE_MKSTEMP 1
| #define HAVE_BASENAME 1
| /* end confdefs.h.  */
| /* Define GetTempFileName to an innocuous variant, in case <limits.h> declares GetTempFileName.
|    For example, HP-UX 11i <limits.h> declares gettimeofday.  */
| #define GetTempFileName innocuous_GetTempFileName
| 
| /* System header to define __stub macros and hopefully few prototypes,
|     which can conflict with char GetTempFileName (); below.
|     Prefer <limits.h> to <assert.h> if __STDC__ is defined, since
|     <limits.h> exists even on freestanding compilers.  */
| 
| #ifdef __STDC__
| # include <limits.h>
| #else
| # include <assert.h>
| #endif
| 
| #undef GetTempFileName
| 
| /* Override any GCC internal prototype to avoid an error.
|    Use char because int might match the return type of a GCC
|    builtin and then its argument prototype would still apply.  */
| #ifdef __cplusplus
| extern "C"
| #endif
| char GetTempFileName ();
| /* The GNU C library defines this for functions which it implements
|     to always fail with ENOSYS.  Some functions are actually named
|     something starting with __ and the normal name is an alias.  */
| #if defined __stub_GetTempFileName || defined __stub___GetTempFileName
| choke me
| #endif
| 
| int
| main ()
| {
| return GetTempFileName ();
|   ;
|   return 0;
| }
configure:13001: result: no
configure:13012: checking for sleep
configure:13012: gcc -o conftest.exe -Wall -DNOTWINDLL -g -O2   conftest.c  >&5
configure:13012: $? = 0
configure:13012: result: yes
configure:13023: checking for ftruncate
configure:13023: gcc -o conftest.exe -Wall -DNOTWINDLL -g -O2   conftest.c  >&5
configure:13023: $? = 0
configure:13023: result: yes
configure:13034: checking for chsize
configure:13034: gcc -o conftest.exe -Wall -DNOTWINDLL -g -O2   conftest.c  >&5
configure:13034: $? = 0
configure:13034: result: yes
configure:13047: checking zlib.h usability
configure:13047: gcc -c -Wall -DNOTWINDLL -g -O2  conftest.c >&5
configure:13047: $? = 0
configure:13047: result: yes
configure:13047: checking zlib.h presence
configure:13047: gcc -E  conftest.c
configure:13047: $? = 0
configure:13047: result: yes
configure:13047: checking for zlib.h
configure:13047: result: yes
configure:13057: checking for zlibVersion in -lz
configure:13082: gcc -o conftest.exe -Wall -DNOTWINDLL -g -O2   conftest.c -lz   >&5
configure:13082: $? = 0
configure:13091: result: yes
configure:13106: checking bzlib.h usability
configure:13106: gcc -c -Wall -DNOTWINDLL -g -O2  conftest.c >&5
conftest.c:80:19: fatal error: bzlib.h: No such file or directory
 #include <bzlib.h>
                   ^
compilation terminated.
configure:13106: $? = 1
configure: failed program was:
| /* confdefs.h */
| #define PACKAGE_NAME "LibDsk"
| #define PACKAGE_TARNAME "libdsk"
| #define PACKAGE_VERSION "1.5.8"
| #define PACKAGE_STRING "LibDsk 1.5.8"
| #define PACKAGE_BUGREPORT ""
| #define PACKAGE_URL ""
| #define STDC_HEADERS 1
| #define HAVE_SYS_TYPES_H 1
| #define HAVE_SYS_STAT_H 1
| #define HAVE_STDLIB_H 1
| #define HAVE_STRING_H 1
| #define HAVE_MEMORY_H 1
| #define HAVE_STRINGS_H 1
| #define HAVE_INTTYPES_H 1
| #define HAVE_STDINT_H 1
| #define HAVE_UNISTD_H 1
| #define LT_OBJDIR ".libs/"
| #define PACKAGE "libdsk"
| #define VERSION "1.5.8"
| #define STDC_HEADERS 1
| #define HAVE_ERRNO_H 1
| #define HAVE_LIMITS_H 1
| #define HAVE_SYS_STAT_H 1
| #define HAVE_SYS_TYPES_H 1
| #define HAVE_UNISTD_H 1
| #define HAVE_LIBGEN_H 1
| #define HAVE_ASSERT_H 1
| #define HAVE_DIRENT_H 1
| #define HAVE_FCNTL_H 1
| #define HAVE_UTIME_H 1
| #define HAVE_TIME_H 1
| #define HAVE_DIR_H 1
| #define HAVE_DIRECT_H 1
| #define HAVE_SHLOBJ_H 1
| #define HAVE_WINDOWS_H 1
| #define HAVE_WINIOCTL_H 1
| #define HAVE_STRCMPI 1
| #define HAVE_MKSTEMP 1
| #define HAVE_BASENAME 1
| #define HAVE_SLEEP 1
| #define HAVE_FTRUNCATE 1
| #define HAVE_CHSIZE 1
| #define HAVE_ZLIB_H 1
| #define HAVE_LIBZ 1
| /* end confdefs.h.  */
| #include <stdio.h>
| #ifdef HAVE_SYS_TYPES_H
| # include <sys/types.h>
| #endif
| #ifdef HAVE_SYS_STAT_H
| # include <sys/stat.h>
| #endif
| #ifdef STDC_HEADERS
| # include <stdlib.h>
| # include <stddef.h>
| #else
| # ifdef HAVE_STDLIB_H
| #  include <stdlib.h>
| # endif
| #endif
| #ifdef HAVE_STRING_H
| # if !defined STDC_HEADERS && defined HAVE_MEMORY_H
| #  include <memory.h>
| # endif
| # include <string.h>
| #endif
| #ifdef HAVE_STRINGS_H
| # include <strings.h>
| #endif
| #ifdef HAVE_INTTYPES_H
| # include <inttypes.h>
| #endif
| #ifdef HAVE_STDINT_H
| # include <stdint.h>
| #endif
| #ifdef HAVE_UNISTD_H
| # include <unistd.h>
| #endif
| #include <bzlib.h>
configure:13106: result: no
configure:13106: checking bzlib.h presence
configure:13106: gcc -E  conftest.c
conftest.c:47:19: fatal error: bzlib.h: No such file or directory
 #include <bzlib.h>
                   ^
compilation terminated.
configure:13106: $? = 1
configure: failed program was:
| /* confdefs.h */
| #define PACKAGE_NAME "LibDsk"
| #define PACKAGE_TARNAME "libdsk"
| #define PACKAGE_VERSION "1.5.8"
| #define PACKAGE_STRING "LibDsk 1.5.8"
| #define PACKAGE_BUGREPORT ""
| #define PACKAGE_URL ""
| #define STDC_HEADERS 1
| #define HAVE_SYS_TYPES_H 1
| #define HAVE_SYS_STAT_H 1
| #define HAVE_STDLIB_H 1
| #define HAVE_STRING_H 1
| #define HAVE_MEMORY_H 1
| #define HAVE_STRINGS_H 1
| #define HAVE_INTTYPES_H 1
| #define HAVE_STDINT_H 1
| #define HAVE_UNISTD_H 1
| #define LT_OBJDIR ".libs/"
| #define PACKAGE "libdsk"
| #define VERSION "1.5.8"
| #define STDC_HEADERS 1
| #define HAVE_ERRNO_H 1
| #define HAVE_LIMITS_H 1
| #define HAVE_SYS_STAT_H 1
| #define HAVE_SYS_TYPES_H 1
| #define HAVE_UNISTD_H 1
| #define HAVE_LIBGEN_H 1
| #define HAVE_ASSERT_H 1
| #define HAVE_DIRENT_H 1
| #define HAVE_FCNTL_H 1
| #define HAVE_UTIME_H 1
| #define HAVE_TIME_H 1
| #define HAVE_DIR_H 1
| #define HAVE_DIRECT_H 1
| #define HAVE_SHLOBJ_H 1
| #define HAVE_WINDOWS_H 1
| #define HAVE_WINIOCTL_H 1
| #define HAVE_STRCMPI 1
| #define HAVE_MKSTEMP 1
| #define HAVE_BASENAME 1
| #define HAVE_SLEEP 1
| #define HAVE_FTRUNCATE 1
| #define HAVE_CHSIZE 1
| #define HAVE_ZLIB_H 1
| #define HAVE_LIBZ 1
| /* end confdefs.h.  */
| #include <bzlib.h>
configure:13106: result: no
configure:13106: checking for bzlib.h
configure:13106: result: no
configure:13116: checking for BZ2_bzlibVersion in -lbz2
configure:13141: gcc -o conftest.exe -Wall -DNOTWINDLL -g -O2   conftest.c -lbz2  -lz  >&5
d:/usr/bin/gcc/bin/../lib/gcc/x86_64-w64-mingw32/6.1.0/../../../../x86_64-w64-mingw32/bin/ld.exe: cannot find -lbz2
collect2.exe: error: ld returned 1 exit status
configure:13141: $? = 1
configure: failed program was:
| /* confdefs.h */
| #define PACKAGE_NAME "LibDsk"
| #define PACKAGE_TARNAME "libdsk"
| #define PACKAGE_VERSION "1.5.8"
| #define PACKAGE_STRING "LibDsk 1.5.8"
| #define PACKAGE_BUGREPORT ""
| #define PACKAGE_URL ""
| #define STDC_HEADERS 1
| #define HAVE_SYS_TYPES_H 1
| #define HAVE_SYS_STAT_H 1
| #define HAVE_STDLIB_H 1
| #define HAVE_STRING_H 1
| #define HAVE_MEMORY_H 1
| #define HAVE_STRINGS_H 1
| #define HAVE_INTTYPES_H 1
| #define HAVE_STDINT_H 1
| #define HAVE_UNISTD_H 1
| #define LT_OBJDIR ".libs/"
| #define PACKAGE "libdsk"
| #define VERSION "1.5.8"
| #define STDC_HEADERS 1
| #define HAVE_ERRNO_H 1
| #define HAVE_LIMITS_H 1
| #define HAVE_SYS_STAT_H 1
| #define HAVE_SYS_TYPES_H 1
| #define HAVE_UNISTD_H 1
| #define HAVE_LIBGEN_H 1
| #define HAVE_ASSERT_H 1
| #define HAVE_DIRENT_H 1
| #define HAVE_FCNTL_H 1
| #define HAVE_UTIME_H 1
| #define HAVE_TIME_H 1
| #define HAVE_DIR_H 1
| #define HAVE_DIRECT_H 1
| #define HAVE_SHLOBJ_H 1
| #define HAVE_WINDOWS_H 1
| #define HAVE_WINIOCTL_H 1
| #define HAVE_STRCMPI 1
| #define HAVE_MKSTEMP 1
| #define HAVE_BASENAME 1
| #define HAVE_SLEEP 1
| #define HAVE_FTRUNCATE 1
| #define HAVE_CHSIZE 1
| #define HAVE_ZLIB_H 1
| #define HAVE_LIBZ 1
| /* end confdefs.h.  */
| 
| /* Override any GCC internal prototype to avoid an error.
|    Use char because int might match the return type of a GCC
|    builtin and then its argument prototype would still apply.  */
| #ifdef __cplusplus
| extern "C"
| #endif
| char BZ2_bzlibVersion ();
| int
| main ()
| {
| return BZ2_bzlibVersion ();
|   ;
|   return 0;
| }
configure:13150: result: no
configure:14017: checking for an ANSI C-conforming const
configure:14083: gcc -c -Wall -DNOTWINDLL -g -O2  conftest.c >&5
configure:14083: $? = 0
configure:14090: result: yes
configure:14098: checking for size_t
configure:14098: gcc -c -Wall -DNOTWINDLL -g -O2  conftest.c >&5
configure:14098: $? = 0
configure:14098: gcc -c -Wall -DNOTWINDLL -g -O2  conftest.c >&5
conftest.c: In function 'main':
conftest.c:83:21: error: expected expression before ')' token
 if (sizeof ((size_t)))
                     ^
configure:14098: $? = 1
configure: failed program was:
| /* confdefs.h */
| #define PACKAGE_NAME "LibDsk"
| #define PACKAGE_TARNAME "libdsk"
| #define PACKAGE_VERSION "1.5.8"
| #define PACKAGE_STRING "LibDsk 1.5.8"
| #define PACKAGE_BUGREPORT ""
| #define PACKAGE_URL ""
| #define STDC_HEADERS 1
| #define HAVE_SYS_TYPES_H 1
| #define HAVE_SYS_STAT_H 1
| #define HAVE_STDLIB_H 1
| #define HAVE_STRING_H 1
| #define HAVE_MEMORY_H 1
| #define HAVE_STRINGS_H 1
| #define HAVE_INTTYPES_H 1
| #define HAVE_STDINT_H 1
| #define HAVE_UNISTD_H 1
| #define LT_OBJDIR ".libs/"
| #define PACKAGE "libdsk"
| #define VERSION "1.5.8"
| #define STDC_HEADERS 1
| #define HAVE_ERRNO_H 1
| #define HAVE_LIMITS_H 1
| #define HAVE_SYS_STAT_H 1
| #define HAVE_SYS_TYPES_H 1
| #define HAVE_UNISTD_H 1
| #define HAVE_LIBGEN_H 1
| #define HAVE_ASSERT_H 1
| #define HAVE_DIRENT_H 1
| #define HAVE_FCNTL_H 1
| #define HAVE_UTIME_H 1
| #define HAVE_TIME_H 1
| #define HAVE_DIR_H 1
| #define HAVE_DIRECT_H 1
| #define HAVE_SHLOBJ_H 1
| #define HAVE_WINDOWS_H 1
| #define HAVE_WINIOCTL_H 1
| #define HAVE_STRCMPI 1
| #define HAVE_MKSTEMP 1
| #define HAVE_BASENAME 1
| #define HAVE_SLEEP 1
| #define HAVE_FTRUNCATE 1
| #define HAVE_CHSIZE 1
| #define HAVE_ZLIB_H 1
| #define HAVE_LIBZ 1
| /* end confdefs.h.  */
| #include <stdio.h>
| #ifdef HAVE_SYS_TYPES_H
| # include <sys/types.h>
| #endif
| #ifdef HAVE_SYS_STAT_H
| # include <sys/stat.h>
| #endif
| #ifdef STDC_HEADERS
| # include <stdlib.h>
| # include <stddef.h>
| #else
| # ifdef HAVE_STDLIB_H
| #  include <stdlib.h>
| # endif
| #endif
| #ifdef HAVE_STRING_H
| # if !defined STDC_HEADERS && defined HAVE_MEMORY_H
| #  include <memory.h>
| # endif
| # include <string.h>
| #endif
| #ifdef HAVE_STRINGS_H
| # include <strings.h>
| #endif
| #ifdef HAVE_INTTYPES_H
| # include <inttypes.h>
| #endif
| #ifdef HAVE_STDINT_H
| # include <stdint.h>
| #endif
| #ifdef HAVE_UNISTD_H
| # include <unistd.h>
| #endif
| int
| main ()
| {
| if (sizeof ((size_t)))
| 	    return 0;
|   ;
|   return 0;
| }
configure:14098: result: yes
configure:14115: checking whether gcc needs -traditional
conftest.c:47:19: fatal error: sgtty.h: No such file or directory
 #include <sgtty.h>
                   ^
compilation terminated.
conftest.c:47:20: fatal error: termio.h: No such file or directory
 #include <termio.h>
                    ^
compilation terminated.
configure:14149: result: no
configure:14156: checking whether sys/types.h defines makedev
configure:14172: gcc -o conftest.exe -Wall -DNOTWINDLL -g -O2  -DAUTOSHARE=${datarootdir}/LibDsk  conftest.c -lz  >&5
conftest.c: In function 'main':
conftest.c:51:8: warning: implicit declaration of function 'makedev' [-Wimplicit-function-declaration]
 return makedev(0, 0);
        ^~~~~~~
C:\Users\crazy\AppData\Local\Temp\ccH9IHsk.o: In function `main':
c:\users\crazy\Downloads\fatcat\libdsk-1.5.8/conftest.c:51: undefined reference to `makedev'
collect2.exe: error: ld returned 1 exit status
configure:14172: $? = 1
configure: failed program was:
| /* confdefs.h */
| #define PACKAGE_NAME "LibDsk"
| #define PACKAGE_TARNAME "libdsk"
| #define PACKAGE_VERSION "1.5.8"
| #define PACKAGE_STRING "LibDsk 1.5.8"
| #define PACKAGE_BUGREPORT ""
| #define PACKAGE_URL ""
| #define STDC_HEADERS 1
| #define HAVE_SYS_TYPES_H 1
| #define HAVE_SYS_STAT_H 1
| #define HAVE_STDLIB_H 1
| #define HAVE_STRING_H 1
| #define HAVE_MEMORY_H 1
| #define HAVE_STRINGS_H 1
| #define HAVE_INTTYPES_H 1
| #define HAVE_STDINT_H 1
| #define HAVE_UNISTD_H 1
| #define LT_OBJDIR ".libs/"
| #define PACKAGE "libdsk"
| #define VERSION "1.5.8"
| #define STDC_HEADERS 1
| #define HAVE_ERRNO_H 1
| #define HAVE_LIMITS_H 1
| #define HAVE_SYS_STAT_H 1
| #define HAVE_SYS_TYPES_H 1
| #define HAVE_UNISTD_H 1
| #define HAVE_LIBGEN_H 1
| #define HAVE_ASSERT_H 1
| #define HAVE_DIRENT_H 1
| #define HAVE_FCNTL_H 1
| #define HAVE_UTIME_H 1
| #define HAVE_TIME_H 1
| #define HAVE_DIR_H 1
| #define HAVE_DIRECT_H 1
| #define HAVE_SHLOBJ_H 1
| #define HAVE_WINDOWS_H 1
| #define HAVE_WINIOCTL_H 1
| #define HAVE_STRCMPI 1
| #define HAVE_MKSTEMP 1
| #define HAVE_BASENAME 1
| #define HAVE_SLEEP 1
| #define HAVE_FTRUNCATE 1
| #define HAVE_CHSIZE 1
| #define HAVE_ZLIB_H 1
| #define HAVE_LIBZ 1
| /* end confdefs.h.  */
| #include <sys/types.h>
| int
| main ()
| {
| return makedev(0, 0);
|   ;
|   return 0;
| }
configure:14181: result: no
configure:14185: checking sys/mkdev.h usability
configure:14185: gcc -c -Wall -DNOTWINDLL -g -O2  -DAUTOSHARE=${datarootdir}/LibDsk conftest.c >&5
conftest.c:80:23: fatal error: sys/mkdev.h: No such file or directory
 #include <sys/mkdev.h>
                       ^
compilation terminated.
configure:14185: $? = 1
configure: failed program was:
| /* confdefs.h */
| #define PACKAGE_NAME "LibDsk"
| #define PACKAGE_TARNAME "libdsk"
| #define PACKAGE_VERSION "1.5.8"
| #define PACKAGE_STRING "LibDsk 1.5.8"
| #define PACKAGE_BUGREPORT ""
| #define PACKAGE_URL ""
| #define STDC_HEADERS 1
| #define HAVE_SYS_TYPES_H 1
| #define HAVE_SYS_STAT_H 1
| #define HAVE_STDLIB_H 1
| #define HAVE_STRING_H 1
| #define HAVE_MEMORY_H 1
| #define HAVE_STRINGS_H 1
| #define HAVE_INTTYPES_H 1
| #define HAVE_STDINT_H 1
| #define HAVE_UNISTD_H 1
| #define LT_OBJDIR ".libs/"
| #define PACKAGE "libdsk"
| #define VERSION "1.5.8"
| #define STDC_HEADERS 1
| #define HAVE_ERRNO_H 1
| #define HAVE_LIMITS_H 1
| #define HAVE_SYS_STAT_H 1
| #define HAVE_SYS_TYPES_H 1
| #define HAVE_UNISTD_H 1
| #define HAVE_LIBGEN_H 1
| #define HAVE_ASSERT_H 1
| #define HAVE_DIRENT_H 1
| #define HAVE_FCNTL_H 1
| #define HAVE_UTIME_H 1
| #define HAVE_TIME_H 1
| #define HAVE_DIR_H 1
| #define HAVE_DIRECT_H 1
| #define HAVE_SHLOBJ_H 1
| #define HAVE_WINDOWS_H 1
| #define HAVE_WINIOCTL_H 1
| #define HAVE_STRCMPI 1
| #define HAVE_MKSTEMP 1
| #define HAVE_BASENAME 1
| #define HAVE_SLEEP 1
| #define HAVE_FTRUNCATE 1
| #define HAVE_CHSIZE 1
| #define HAVE_ZLIB_H 1
| #define HAVE_LIBZ 1
| /* end confdefs.h.  */
| #include <stdio.h>
| #ifdef HAVE_SYS_TYPES_H
| # include <sys/types.h>
| #endif
| #ifdef HAVE_SYS_STAT_H
| # include <sys/stat.h>
| #endif
| #ifdef STDC_HEADERS
| # include <stdlib.h>
| # include <stddef.h>
| #else
| # ifdef HAVE_STDLIB_H
| #  include <stdlib.h>
| # endif
| #endif
| #ifdef HAVE_STRING_H
| # if !defined STDC_HEADERS && defined HAVE_MEMORY_H
| #  include <memory.h>
| # endif
| # include <string.h>
| #endif
| #ifdef HAVE_STRINGS_H
| # include <strings.h>
| #endif
| #ifdef HAVE_INTTYPES_H
| # include <inttypes.h>
| #endif
| #ifdef HAVE_STDINT_H
| # include <stdint.h>
| #endif
| #ifdef HAVE_UNISTD_H
| # include <unistd.h>
| #endif
| #include <sys/mkdev.h>
configure:14185: result: no
configure:14185: checking sys/mkdev.h presence
configure:14185: gcc -E  -DAUTOSHARE=${datarootdir}/LibDsk conftest.c
conftest.c:47:23: fatal error: sys/mkdev.h: No such file or directory
 #include <sys/mkdev.h>
                       ^
compilation terminated.
configure:14185: $? = 1
configure: failed program was:
| /* confdefs.h */
| #define PACKAGE_NAME "LibDsk"
| #define PACKAGE_TARNAME "libdsk"
| #define PACKAGE_VERSION "1.5.8"
| #define PACKAGE_STRING "LibDsk 1.5.8"
| #define PACKAGE_BUGREPORT ""
| #define PACKAGE_URL ""
| #define STDC_HEADERS 1
| #define HAVE_SYS_TYPES_H 1
| #define HAVE_SYS_STAT_H 1
| #define HAVE_STDLIB_H 1
| #define HAVE_STRING_H 1
| #define HAVE_MEMORY_H 1
| #define HAVE_STRINGS_H 1
| #define HAVE_INTTYPES_H 1
| #define HAVE_STDINT_H 1
| #define HAVE_UNISTD_H 1
| #define LT_OBJDIR ".libs/"
| #define PACKAGE "libdsk"
| #define VERSION "1.5.8"
| #define STDC_HEADERS 1
| #define HAVE_ERRNO_H 1
| #define HAVE_LIMITS_H 1
| #define HAVE_SYS_STAT_H 1
| #define HAVE_SYS_TYPES_H 1
| #define HAVE_UNISTD_H 1
| #define HAVE_LIBGEN_H 1
| #define HAVE_ASSERT_H 1
| #define HAVE_DIRENT_H 1
| #define HAVE_FCNTL_H 1
| #define HAVE_UTIME_H 1
| #define HAVE_TIME_H 1
| #define HAVE_DIR_H 1
| #define HAVE_DIRECT_H 1
| #define HAVE_SHLOBJ_H 1
| #define HAVE_WINDOWS_H 1
| #define HAVE_WINIOCTL_H 1
| #define HAVE_STRCMPI 1
| #define HAVE_MKSTEMP 1
| #define HAVE_BASENAME 1
| #define HAVE_SLEEP 1
| #define HAVE_FTRUNCATE 1
| #define HAVE_CHSIZE 1
| #define HAVE_ZLIB_H 1
| #define HAVE_LIBZ 1
| /* end confdefs.h.  */
| #include <sys/mkdev.h>
configure:14185: result: no
configure:14185: checking for sys/mkdev.h
configure:14185: result: no
configure:14195: checking sys/sysmacros.h usability
configure:14195: gcc -c -Wall -DNOTWINDLL -g -O2  -DAUTOSHARE=${datarootdir}/LibDsk conftest.c >&5
conftest.c:80:27: fatal error: sys/sysmacros.h: No such file or directory
 #include <sys/sysmacros.h>
                           ^
compilation terminated.
configure:14195: $? = 1
configure: failed program was:
| /* confdefs.h */
| #define PACKAGE_NAME "LibDsk"
| #define PACKAGE_TARNAME "libdsk"
| #define PACKAGE_VERSION "1.5.8"
| #define PACKAGE_STRING "LibDsk 1.5.8"
| #define PACKAGE_BUGREPORT ""
| #define PACKAGE_URL ""
| #define STDC_HEADERS 1
| #define HAVE_SYS_TYPES_H 1
| #define HAVE_SYS_STAT_H 1
| #define HAVE_STDLIB_H 1
| #define HAVE_STRING_H 1
| #define HAVE_MEMORY_H 1
| #define HAVE_STRINGS_H 1
| #define HAVE_INTTYPES_H 1
| #define HAVE_STDINT_H 1
| #define HAVE_UNISTD_H 1
| #define LT_OBJDIR ".libs/"
| #define PACKAGE "libdsk"
| #define VERSION "1.5.8"
| #define STDC_HEADERS 1
| #define HAVE_ERRNO_H 1
| #define HAVE_LIMITS_H 1
| #define HAVE_SYS_STAT_H 1
| #define HAVE_SYS_TYPES_H 1
| #define HAVE_UNISTD_H 1
| #define HAVE_LIBGEN_H 1
| #define HAVE_ASSERT_H 1
| #define HAVE_DIRENT_H 1
| #define HAVE_FCNTL_H 1
| #define HAVE_UTIME_H 1
| #define HAVE_TIME_H 1
| #define HAVE_DIR_H 1
| #define HAVE_DIRECT_H 1
| #define HAVE_SHLOBJ_H 1
| #define HAVE_WINDOWS_H 1
| #define HAVE_WINIOCTL_H 1
| #define HAVE_STRCMPI 1
| #define HAVE_MKSTEMP 1
| #define HAVE_BASENAME 1
| #define HAVE_SLEEP 1
| #define HAVE_FTRUNCATE 1
| #define HAVE_CHSIZE 1
| #define HAVE_ZLIB_H 1
| #define HAVE_LIBZ 1
| /* end confdefs.h.  */
| #include <stdio.h>
| #ifdef HAVE_SYS_TYPES_H
| # include <sys/types.h>
| #endif
| #ifdef HAVE_SYS_STAT_H
| # include <sys/stat.h>
| #endif
| #ifdef STDC_HEADERS
| # include <stdlib.h>
| # include <stddef.h>
| #else
| # ifdef HAVE_STDLIB_H
| #  include <stdlib.h>
| # endif
| #endif
| #ifdef HAVE_STRING_H
| # if !defined STDC_HEADERS && defined HAVE_MEMORY_H
| #  include <memory.h>
| # endif
| # include <string.h>
| #endif
| #ifdef HAVE_STRINGS_H
| # include <strings.h>
| #endif
| #ifdef HAVE_INTTYPES_H
| # include <inttypes.h>
| #endif
| #ifdef HAVE_STDINT_H
| # include <stdint.h>
| #endif
| #ifdef HAVE_UNISTD_H
| # include <unistd.h>
| #endif
| #include <sys/sysmacros.h>
configure:14195: result: no
configure:14195: checking sys/sysmacros.h presence
configure:14195: gcc -E  -DAUTOSHARE=${datarootdir}/LibDsk conftest.c
conftest.c:47:27: fatal error: sys/sysmacros.h: No such file or directory
 #include <sys/sysmacros.h>
                           ^
compilation terminated.
configure:14195: $? = 1
configure: failed program was:
| /* confdefs.h */
| #define PACKAGE_NAME "LibDsk"
| #define PACKAGE_TARNAME "libdsk"
| #define PACKAGE_VERSION "1.5.8"
| #define PACKAGE_STRING "LibDsk 1.5.8"
| #define PACKAGE_BUGREPORT ""
| #define PACKAGE_URL ""
| #define STDC_HEADERS 1
| #define HAVE_SYS_TYPES_H 1
| #define HAVE_SYS_STAT_H 1
| #define HAVE_STDLIB_H 1
| #define HAVE_STRING_H 1
| #define HAVE_MEMORY_H 1
| #define HAVE_STRINGS_H 1
| #define HAVE_INTTYPES_H 1
| #define HAVE_STDINT_H 1
| #define HAVE_UNISTD_H 1
| #define LT_OBJDIR ".libs/"
| #define PACKAGE "libdsk"
| #define VERSION "1.5.8"
| #define STDC_HEADERS 1
| #define HAVE_ERRNO_H 1
| #define HAVE_LIMITS_H 1
| #define HAVE_SYS_STAT_H 1
| #define HAVE_SYS_TYPES_H 1
| #define HAVE_UNISTD_H 1
| #define HAVE_LIBGEN_H 1
| #define HAVE_ASSERT_H 1
| #define HAVE_DIRENT_H 1
| #define HAVE_FCNTL_H 1
| #define HAVE_UTIME_H 1
| #define HAVE_TIME_H 1
| #define HAVE_DIR_H 1
| #define HAVE_DIRECT_H 1
| #define HAVE_SHLOBJ_H 1
| #define HAVE_WINDOWS_H 1
| #define HAVE_WINIOCTL_H 1
| #define HAVE_STRCMPI 1
| #define HAVE_MKSTEMP 1
| #define HAVE_BASENAME 1
| #define HAVE_SLEEP 1
| #define HAVE_FTRUNCATE 1
| #define HAVE_CHSIZE 1
| #define HAVE_ZLIB_H 1
| #define HAVE_LIBZ 1
| /* end confdefs.h.  */
| #include <sys/sysmacros.h>
configure:14195: result: no
configure:14195: checking for sys/sysmacros.h
configure:14195: result: no
configure:14206: checking for working memcmp
configure:14249: gcc -o conftest.exe -Wall -DNOTWINDLL -g -O2  -DAUTOSHARE=${datarootdir}/LibDsk  conftest.c -lz  >&5
configure:14249: $? = 0
configure:14249: ./conftest.exe
configure:14249: $? = 0
configure:14259: result: yes
configure:14270: checking for strerror
configure:14270: gcc -o conftest.exe -Wall -DNOTWINDLL -g -O2  -DAUTOSHARE=${datarootdir}/LibDsk  conftest.c -lz  >&5
configure:14270: $? = 0
configure:14270: result: yes
configure:14393: checking that generated files are newer than configure
configure:14399: result: done
configure:14422: creating ./config.status

## ---------------------- ##
## Running config.status. ##
## ---------------------- ##

This file was extended by LibDsk config.status 1.5.8, which was
generated by GNU Autoconf 2.69.  Invocation command line was

  CONFIG_FILES    = 
  CONFIG_HEADERS  = 
  CONFIG_LINKS    = 
  CONFIG_COMMANDS = 
  $ ./config.status 

on crazy-PC

config.status:1144: creating Makefile
config.status:1144: creating doc/Makefile
config.status:1144: creating include/Makefile
config.status:1144: creating lib/Makefile
config.status:1144: creating tools/Makefile
config.status:1144: creating man/Makefile
config.status:1144: creating config.h
config.status:1373: executing libtool commands
config.status:1373: executing depfiles commands

## ---------------- ##
## Cache variables. ##
## ---------------- ##

ac_cv_build=i686-pc-mingw32
ac_cv_c_compiler_gnu=yes
ac_cv_c_const=yes
ac_cv_env_CC_set=
ac_cv_env_CC_value=
ac_cv_env_CFLAGS_set=
ac_cv_env_CFLAGS_value=
ac_cv_env_CPPFLAGS_set=
ac_cv_env_CPPFLAGS_value=
ac_cv_env_CPP_set=
ac_cv_env_CPP_value=
ac_cv_env_LDFLAGS_set=
ac_cv_env_LDFLAGS_value=
ac_cv_env_LIBS_set=
ac_cv_env_LIBS_value=
ac_cv_env_LT_SYS_LIBRARY_PATH_set=
ac_cv_env_LT_SYS_LIBRARY_PATH_value=
ac_cv_env_build_alias_set=
ac_cv_env_build_alias_value=
ac_cv_env_host_alias_set=
ac_cv_env_host_alias_value=
ac_cv_env_target_alias_set=
ac_cv_env_target_alias_value=
ac_cv_exeext=.exe
ac_cv_func_GetTempFileName=no
ac_cv_func_basename=yes
ac_cv_func_chsize=yes
ac_cv_func_fork=no
ac_cv_func_ftruncate=yes
ac_cv_func_memcmp_working=yes
ac_cv_func_mkstemp=yes
ac_cv_func_sleep=yes
ac_cv_func_strcmpi=yes
ac_cv_func_strerror=yes
ac_cv_header_assert_h=yes
ac_cv_header_bzlib_h=no
ac_cv_header_dir_h=yes
ac_cv_header_direct_h=yes
ac_cv_header_dirent_h=yes
ac_cv_header_dlfcn_h=no
ac_cv_header_errno_h=yes
ac_cv_header_fcntl_h=yes
ac_cv_header_inttypes_h=yes
ac_cv_header_libgen_h=yes
ac_cv_header_limits_h=yes
ac_cv_header_linux_fd_h=no
ac_cv_header_linux_fdreg_h=no
ac_cv_header_memory_h=yes
ac_cv_header_pwd_h=no
ac_cv_header_shlobj_h=yes
ac_cv_header_stat_h=no
ac_cv_header_stdc=yes
ac_cv_header_stdint_h=yes
ac_cv_header_stdlib_h=yes
ac_cv_header_string_h=yes
ac_cv_header_strings_h=yes
ac_cv_header_sys_ioctl_h=no
ac_cv_header_sys_mkdev_h=no
ac_cv_header_sys_stat_h=yes
ac_cv_header_sys_sysmacros_h=no
ac_cv_header_sys_types_h=yes
ac_cv_header_sys_types_h_makedev=no
ac_cv_header_termios_h=no
ac_cv_header_time_h=yes
ac_cv_header_unistd_h=yes
ac_cv_header_utime_h=yes
ac_cv_header_windows_h=yes
ac_cv_header_winioctl_h=yes
ac_cv_header_zlib_h=yes
ac_cv_host=i686-pc-mingw32
ac_cv_lib_bz2_BZ2_bzlibVersion=no
ac_cv_lib_z_zlibVersion=yes
ac_cv_objext=o
ac_cv_path_EGREP='/d/usr/bin/shellutils/grep -E'
ac_cv_path_FGREP='/d/usr/bin/shellutils/grep -F'
ac_cv_path_GREP=/d/usr/bin/shellutils/grep
ac_cv_path_SED=/bin/sed
ac_cv_path_lt_DD=/d/usr/bin/shellutils/dd
ac_cv_path_mkdir=/bin/mkdir
ac_cv_prog_AWK=awk
ac_cv_prog_CPP='gcc -E'
ac_cv_prog_ac_ct_AR=ar
ac_cv_prog_ac_ct_CC=gcc
ac_cv_prog_ac_ct_DLLTOOL=dlltool
ac_cv_prog_ac_ct_OBJDUMP=objdump
ac_cv_prog_ac_ct_RANLIB=ranlib
ac_cv_prog_ac_ct_STRIP=strip
ac_cv_prog_cc_c89=
ac_cv_prog_cc_g=yes
ac_cv_prog_gcc_traditional=no
ac_cv_prog_make_make_set=yes
ac_cv_target=i686-pc-mingw32
ac_cv_type_size_t=yes
am_cv_CC_dependencies_compiler_type=gcc3
am_cv_make_support_nested_variables=yes
am_cv_prog_cc_c_o=yes
lt_cv_ar_at_file=@
lt_cv_archive_cmds_need_lc=yes
lt_cv_deplibs_check_method='file_magic file format (pei*-i386(.*architecture: i386)?|pe-arm-wince|pe-x86-64)'
lt_cv_file_magic_cmd='$OBJDUMP -f'
lt_cv_file_magic_test_file=
lt_cv_ld_reload_flag=-r
lt_cv_nm_interface='BSD nm'
lt_cv_objdir=.libs
lt_cv_path_LD=d:/usr/bin/gcc/bin/../lib/gcc/x86_64-w64-mingw32/6.1.0/../../../../x86_64-w64-mingw32/bin/ld.exe
lt_cv_path_NM='/mingw/bin/nm -B'
lt_cv_path_mainfest_tool=no
lt_cv_prog_compiler_c_o=yes
lt_cv_prog_compiler_pic='-DDLL_EXPORT -DPIC'
lt_cv_prog_compiler_pic_works=yes
lt_cv_prog_compiler_rtti_exceptions=no
lt_cv_prog_compiler_static_works=yes
lt_cv_prog_gnu_ld=yes
lt_cv_sharedlib_from_linklib_cmd=func_cygming_dll_for_implib
lt_cv_sys_global_symbol_pipe='sed -n -e '\''s/^.*[	 ]\([ABCDGIRSTW][ABCDGIRSTW]*\)[	 ][	 ]*\([_A-Za-z][_A-Za-z0-9]*\)\{0,1\}$/\1 \2 \2/p'\'' | sed '\''/ __gnu_lto/d'\'''
lt_cv_sys_global_symbol_to_c_name_address='sed -n -e '\''s/^: \(.*\) .*$/  {"\1", (void *) 0},/p'\'' -e '\''s/^[ABCDGIRSTW][ABCDGIRSTW]* .* \(.*\)$/  {"\1", (void *) \&\1},/p'\'''
lt_cv_sys_global_symbol_to_c_name_address_lib_prefix='sed -n -e '\''s/^: \(.*\) .*$/  {"\1", (void *) 0},/p'\'' -e '\''s/^[ABCDGIRSTW][ABCDGIRSTW]* .* \(lib.*\)$/  {"\1", (void *) \&\1},/p'\'' -e '\''s/^[ABCDGIRSTW][ABCDGIRSTW]* .* \(.*\)$/  {"lib\1", (void *) \&\1},/p'\'''
lt_cv_sys_global_symbol_to_cdecl='sed -n -e '\''s/^T .* \(.*\)$/extern int \1();/p'\'' -e '\''s/^[ABCDGIRSTW][ABCDGIRSTW]* .* \(.*\)$/extern char \1;/p'\'''
lt_cv_sys_global_symbol_to_import=
lt_cv_sys_max_cmd_len=8192
lt_cv_to_host_file_cmd=func_convert_file_msys_to_w32
lt_cv_to_tool_file_cmd=func_convert_file_msys_to_w32
lt_cv_truncate_bin='/d/usr/bin/shellutils/dd bs=4096 count=1'

## ----------------- ##
## Output variables. ##
## ----------------- ##

ACLOCAL='aclocal-1.15'
AMDEPBACKSLASH='\'
AMDEP_FALSE='#'
AMDEP_TRUE=''
AMTAR='$${TAR-tar}'
AM_BACKSLASH='\'
AM_DEFAULT_V='$(AM_DEFAULT_VERBOSITY)'
AM_DEFAULT_VERBOSITY='1'
AM_V='$(V)'
AR='ar'
AUTOCONF='autoconf'
AUTOHEADER='autoheader'
AUTOMAKE='automake-1.15'
AWK='awk'
CC='gcc'
CCDEPMODE='depmode=gcc3'
CFLAGS='-Wall -DNOTWINDLL -g -O2'
CLASSPATH=''
CPP='gcc -E'
CPPFLAGS=' -DAUTOSHARE=${datarootdir}/LibDsk'
CYGPATH_W='echo'
DEFS='-DHAVE_CONFIG_H'
DEPDIR='.deps'
DLLTOOL='dlltool'
DSYMUTIL=''
DUMPBIN=''
ECHO_C=''
ECHO_N='-n'
ECHO_T=''
EGREP='/d/usr/bin/shellutils/grep -E'
EXEEXT='.exe'
FGREP='/d/usr/bin/shellutils/grep -F'
GREP='/d/usr/bin/shellutils/grep'
INSTALL_DATA='${INSTALL} -m 644'
INSTALL_PROGRAM='${INSTALL}'
INSTALL_SCRIPT='${INSTALL}'
INSTALL_STRIP_PROGRAM='$(install_sh) -c -s'
JAR='true'
JAVA='true'
JAVAC='true'
JAVACFLAGS=''
JAVADOC='true'
JAVAFLAGS=''
JAVAH='true'
JAVAPREFIX=''
LD='d:/usr/bin/gcc/bin/../lib/gcc/x86_64-w64-mingw32/6.1.0/../../../../x86_64-w64-mingw32/bin/ld.exe'
LDFLAGS=''
LIBDSKJAR=''
LIBOBJS=''
LIBS='-lz '
LIBTOOL='$(SHELL) $(top_builddir)/libtool'
LIPO=''
LN_S='cp -pR'
LTLIBOBJS=''
LT_SYS_LIBRARY_PATH=''
MAKEINFO='makeinfo'
MANIFEST_TOOL=':'
MKDIR_P='/bin/mkdir -p'
NM='/mingw/bin/nm -B'
NMEDIT=''
OBJDUMP='objdump'
OBJEXT='o'
OTOOL64=''
OTOOL=''
PACKAGE='libdsk'
PACKAGE_BUGREPORT=''
PACKAGE_NAME='LibDsk'
PACKAGE_STRING='LibDsk 1.5.8'
PACKAGE_TARNAME='libdsk'
PACKAGE_URL=''
PACKAGE_VERSION='1.5.8'
PATH_SEPARATOR=':'
RANLIB='ranlib'
SED='/bin/sed'
SET_MAKE=''
SHELL='/bin/sh'
STRIP='strip'
TOOLCLASSES=''
VERSION='1.5.8'
_ACJNI_JAVAC=''
ac_ct_AR='ar'
ac_ct_CC='gcc'
ac_ct_DUMPBIN=''
am__EXEEXT_FALSE='#'
am__EXEEXT_TRUE=''
am__fastdepCC_FALSE='#'
am__fastdepCC_TRUE=''
am__include='include'
am__isrc=''
am__leading_dot='.'
am__nodep='_no'
am__quote=''
am__tar='$${TAR-tar} chof - "$$tardir"'
am__untar='$${TAR-tar} xf -'
bindir='${exec_prefix}/bin'
build='i686-pc-mingw32'
build_alias=''
build_cpu='i686'
build_os='mingw32'
build_vendor='pc'
datadir='${datarootdir}'
datarootdir='${prefix}/share'
docdir='${datarootdir}/doc/${PACKAGE_TARNAME}'
dvidir='${docdir}'
exec_prefix='${prefix}'
host='i686-pc-mingw32'
host_alias=''
host_cpu='i686'
host_os='mingw32'
host_vendor='pc'
htmldir='${docdir}'
includedir='${prefix}/include'
infodir='${datarootdir}/info'
install_sh='${SHELL} /c/users/crazy/Downloads/fatcat/libdsk-1.5.8/config/install-sh'
libdir='${exec_prefix}/lib'
libexecdir='${exec_prefix}/libexec'
localedir='${datarootdir}/locale'
localstatedir='${prefix}/var'
mandir='${datarootdir}/man'
mkdir_p='$(MKDIR_P)'
oldincludedir='/usr/include'
pdfdir='${docdir}'
prefix='/usr/local'
program_transform_name='s,x,x,'
psdir='${docdir}'
runstatedir='${localstatedir}/run'
sbindir='${exec_prefix}/sbin'
sharedstatedir='${prefix}/com'
sysconfdir='${prefix}/etc'
target='i686-pc-mingw32'
target_alias=''
target_cpu='i686'
target_os='mingw32'
target_vendor='pc'
uudecode=''

## ----------- ##
## confdefs.h. ##
## ----------- ##

/* confdefs.h */
#define PACKAGE_NAME "LibDsk"
#define PACKAGE_TARNAME "libdsk"
#define PACKAGE_VERSION "1.5.8"
#define PACKAGE_STRING "LibDsk 1.5.8"
#define PACKAGE_BUGREPORT ""
#define PACKAGE_URL ""
#define STDC_HEADERS 1
#define HAVE_SYS_TYPES_H 1
#define HAVE_SYS_STAT_H 1
#define HAVE_STDLIB_H 1
#define HAVE_STRING_H 1
#define HAVE_MEMORY_H 1
#define HAVE_STRINGS_H 1
#define HAVE_INTTYPES_H 1
#define HAVE_STDINT_H 1
#define HAVE_UNISTD_H 1
#define LT_OBJDIR ".libs/"
#define PACKAGE "libdsk"
#define VERSION "1.5.8"
#define STDC_HEADERS 1
#define HAVE_ERRNO_H 1
#define HAVE_LIMITS_H 1
#define HAVE_SYS_STAT_H 1
#define HAVE_SYS_TYPES_H 1
#define HAVE_UNISTD_H 1
#define HAVE_LIBGEN_H 1
#define HAVE_ASSERT_H 1
#define HAVE_DIRENT_H 1
#define HAVE_FCNTL_H 1
#define HAVE_UTIME_H 1
#define HAVE_TIME_H 1
#define HAVE_DIR_H 1
#define HAVE_DIRECT_H 1
#define HAVE_SHLOBJ_H 1
#define HAVE_WINDOWS_H 1
#define HAVE_WINIOCTL_H 1
#define HAVE_STRCMPI 1
#define HAVE_MKSTEMP 1
#define HAVE_BASENAME 1
#define HAVE_SLEEP 1
#define HAVE_FTRUNCATE 1
#define HAVE_CHSIZE 1
#define HAVE_ZLIB_H 1
#define HAVE_LIBZ 1
#define HAVE_STRERROR 1

configure: exit 0
